{"/home/laurent_payot/floweret/src/index.coffee":{"path":"/home/laurent_payot/floweret/src/index.coffee","statementMap":{"0":{"start":{"line":3,"column":10},"end":{"line":3,"column":25}},"1":{"start":{"line":5,"column":15},"end":{"line":5,"column":35}},"2":{"start":{"line":7,"column":14},"end":{"line":7,"column":33}},"3":{"start":{"line":9,"column":23},"end":{"line":9,"column":52}},"4":{"start":{"line":11,"column":22},"end":{"line":11,"column":50}},"5":{"start":{"line":13,"column":22},"end":{"line":13,"column":50}},"6":{"start":{"line":15,"column":16},"end":{"line":15,"column":38}},"7":{"start":{"line":17,"column":16},"end":{"line":17,"column":38}},"8":{"start":{"line":19,"column":18},"end":{"line":19,"column":42}},"9":{"start":{"line":21,"column":0},"end":{"line":21,"column":17}},"10":{"start":{"line":22,"column":0},"end":{"line":22,"column":27}},"11":{"start":{"line":23,"column":0},"end":{"line":23,"column":25}},"12":{"start":{"line":24,"column":0},"end":{"line":24,"column":34}},"13":{"start":{"line":25,"column":0},"end":{"line":25,"column":32}},"14":{"start":{"line":26,"column":0},"end":{"line":26,"column":32}},"15":{"start":{"line":27,"column":0},"end":{"line":27,"column":24}},"16":{"start":{"line":28,"column":0},"end":{"line":28,"column":24}},"17":{"start":{"line":29,"column":0},"end":{"line":29,"column":28}}},"fnMap":{},"branchMap":{},"s":{"0":1,"1":1,"2":1,"3":1,"4":1,"5":1,"6":1,"7":1,"8":1,"9":1,"10":1,"11":1,"12":1,"13":1,"14":1,"15":1,"16":1,"17":1},"f":{},"b":{},"_coverageSchema":"43e27e138ebf9cfc5966b082cf9a028302ed4184","hash":"1f1fc16d5567a4d929ed14821a90f57058008a07","contentHash":"b449bcf7efe90676f08b2e297f2dbcaa47c5982ba7f483cdb3f8c4d175a19162"},"/home/laurent_payot/floweret/src/fn.coffee":{"path":"/home/laurent_payot/floweret/src/fn.coffee","statementMap":{"0":{"start":{"line":3,"column":14},"end":{"line":3,"column":33}},"1":{"start":{"line":5,"column":23},"end":{"line":5,"column":47}},"2":{"start":{"line":7,"column":15},"end":{"line":7,"column":36}},"3":{"start":{"line":9,"column":13},"end":{"line":9,"column":31}},"4":{"start":{"line":11,"column":12},"end":{"line":11,"column":24}},"5":{"start":{"line":13,"column":14},"end":{"line":13,"column":34}},"6":{"start":{"line":15,"column":16},"end":{"line":15,"column":38}},"7":{"start":{"line":19,"column":13},"end":{"line":19,"column":22}},"8":{"start":{"line":20,"column":0},"end":{"line":20,"column":30}},"9":{"start":{"line":22,"column":0},"end":{"line":24,"column":2}},"10":{"start":{"line":23,"column":2},"end":{"line":23,"column":27}},"11":{"start":{"line":27,"column":0},"end":{"line":114,"column":2}},"12":{"start":{"line":29,"column":2},"end":{"line":29,"column":80}},"13":{"start":{"line":31,"column":2},"end":{"line":33,"column":3}},"14":{"start":{"line":32,"column":4},"end":{"line":32,"column":58}},"15":{"start":{"line":35,"column":2},"end":{"line":37,"column":3}},"16":{"start":{"line":36,"column":4},"end":{"line":36,"column":63}},"17":{"start":{"line":39,"column":2},"end":{"line":113,"column":4}},"18":{"start":{"line":42,"column":4},"end":{"line":42,"column":17}},"19":{"start":{"line":44,"column":4},"end":{"line":80,"column":5}},"20":{"start":{"line":45,"column":6},"end":{"line":45,"column":25}},"21":{"start":{"line":47,"column":6},"end":{"line":79,"column":7}},"22":{"start":{"line":49,"column":8},"end":{"line":51,"column":9}},"23":{"start":{"line":50,"column":10},"end":{"line":50,"column":91}},"24":{"start":{"line":53,"column":8},"end":{"line":53,"column":20}},"25":{"start":{"line":54,"column":8},"end":{"line":54,"column":54}},"26":{"start":{"line":56,"column":8},"end":{"line":66,"column":9}},"27":{"start":{"line":57,"column":10},"end":{"line":57,"column":31}},"28":{"start":{"line":59,"column":10},"end":{"line":65,"column":11}},"29":{"start":{"line":60,"column":12},"end":{"line":60,"column":26}},"30":{"start":{"line":62,"column":12},"end":{"line":64,"column":13}},"31":{"start":{"line":63,"column":14},"end":{"line":63,"column":67}},"32":{"start":{"line":68,"column":8},"end":{"line":78,"column":9}},"33":{"start":{"line":69,"column":10},"end":{"line":77,"column":11}},"34":{"start":{"line":70,"column":12},"end":{"line":72,"column":13}},"35":{"start":{"line":71,"column":14},"end":{"line":71,"column":66}},"36":{"start":{"line":74,"column":12},"end":{"line":76,"column":13}},"37":{"start":{"line":75,"column":14},"end":{"line":75,"column":70}},"38":{"start":{"line":82,"column":4},"end":{"line":84,"column":5}},"39":{"start":{"line":83,"column":6},"end":{"line":83,"column":44}},"40":{"start":{"line":86,"column":4},"end":{"line":112,"column":5}},"41":{"start":{"line":88,"column":6},"end":{"line":103,"column":9}},"42":{"start":{"line":90,"column":8},"end":{"line":90,"column":29}},"43":{"start":{"line":92,"column":8},"end":{"line":94,"column":9}},"44":{"start":{"line":93,"column":10},"end":{"line":93,"column":67}},"45":{"start":{"line":96,"column":8},"end":{"line":102,"column":11}},"46":{"start":{"line":97,"column":10},"end":{"line":99,"column":11}},"47":{"start":{"line":98,"column":12},"end":{"line":98,"column":70}},"48":{"start":{"line":101,"column":10},"end":{"line":101,"column":24}},"49":{"start":{"line":105,"column":6},"end":{"line":105,"column":26}},"50":{"start":{"line":107,"column":6},"end":{"line":109,"column":7}},"51":{"start":{"line":108,"column":8},"end":{"line":108,"column":54}},"52":{"start":{"line":111,"column":6},"end":{"line":111,"column":20}}},"fnMap":{"0":{"name":"(anonymous_0)","decl":{"start":{"line":22,"column":8},"end":{"line":22,"column":9}},"loc":{"start":{"line":22,"column":23},"end":{"line":24,"column":1}},"line":22},"1":{"name":"(anonymous_1)","decl":{"start":{"line":27,"column":17},"end":{"line":27,"column":18}},"loc":{"start":{"line":27,"column":40},"end":{"line":114,"column":1}},"line":27},"2":{"name":"(anonymous_2)","decl":{"start":{"line":39,"column":9},"end":{"line":39,"column":10}},"loc":{"start":{"line":39,"column":28},"end":{"line":113,"column":3}},"line":39},"3":{"name":"(anonymous_3)","decl":{"start":{"line":88,"column":26},"end":{"line":88,"column":27}},"loc":{"start":{"line":88,"column":49},"end":{"line":103,"column":7}},"line":88},"4":{"name":"(anonymous_4)","decl":{"start":{"line":96,"column":28},"end":{"line":96,"column":29}},"loc":{"start":{"line":96,"column":46},"end":{"line":102,"column":9}},"line":96}},"branchMap":{"0":{"loc":{"start":{"line":31,"column":2},"end":{"line":33,"column":3}},"type":"if","locations":[{"start":{"line":31,"column":2},"end":{"line":33,"column":3}},{"start":{"line":31,"column":2},"end":{"line":33,"column":3}}],"line":31},"1":{"loc":{"start":{"line":31,"column":6},"end":{"line":31,"column":50}},"type":"binary-expr","locations":[{"start":{"line":31,"column":6},"end":{"line":31,"column":33}},{"start":{"line":31,"column":37},"end":{"line":31,"column":50}}],"line":31},"2":{"loc":{"start":{"line":35,"column":2},"end":{"line":37,"column":3}},"type":"if","locations":[{"start":{"line":35,"column":2},"end":{"line":37,"column":3}},{"start":{"line":35,"column":2},"end":{"line":37,"column":3}}],"line":35},"3":{"loc":{"start":{"line":35,"column":8},"end":{"line":35,"column":40}},"type":"binary-expr","locations":[{"start":{"line":35,"column":8},"end":{"line":35,"column":29}},{"start":{"line":35,"column":33},"end":{"line":35,"column":40}}],"line":35},"4":{"loc":{"start":{"line":47,"column":6},"end":{"line":79,"column":7}},"type":"if","locations":[{"start":{"line":47,"column":6},"end":{"line":79,"column":7}},{"start":{"line":47,"column":6},"end":{"line":79,"column":7}}],"line":47},"5":{"loc":{"start":{"line":47,"column":10},"end":{"line":47,"column":51}},"type":"binary-expr","locations":[{"start":{"line":47,"column":10},"end":{"line":47,"column":28}},{"start":{"line":47,"column":32},"end":{"line":47,"column":51}}],"line":47},"6":{"loc":{"start":{"line":49,"column":8},"end":{"line":51,"column":9}},"type":"if","locations":[{"start":{"line":49,"column":8},"end":{"line":51,"column":9}},{"start":{"line":49,"column":8},"end":{"line":51,"column":9}}],"line":49},"7":{"loc":{"start":{"line":54,"column":13},"end":{"line":54,"column":47}},"type":"cond-expr","locations":[{"start":{"line":54,"column":34},"end":{"line":54,"column":40}},{"start":{"line":54,"column":43},"end":{"line":54,"column":47}}],"line":54},"8":{"loc":{"start":{"line":56,"column":8},"end":{"line":66,"column":9}},"type":"if","locations":[{"start":{"line":56,"column":8},"end":{"line":66,"column":9}},{"start":{"line":56,"column":8},"end":{"line":66,"column":9}}],"line":56},"9":{"loc":{"start":{"line":62,"column":12},"end":{"line":64,"column":13}},"type":"if","locations":[{"start":{"line":62,"column":12},"end":{"line":64,"column":13}},{"start":{"line":62,"column":12},"end":{"line":64,"column":13}}],"line":62},"10":{"loc":{"start":{"line":68,"column":8},"end":{"line":78,"column":9}},"type":"if","locations":[{"start":{"line":68,"column":8},"end":{"line":78,"column":9}},{"start":{"line":68,"column":8},"end":{"line":78,"column":9}}],"line":68},"11":{"loc":{"start":{"line":69,"column":10},"end":{"line":77,"column":11}},"type":"if","locations":[{"start":{"line":69,"column":10},"end":{"line":77,"column":11}},{"start":{"line":69,"column":10},"end":{"line":77,"column":11}}],"line":69},"12":{"loc":{"start":{"line":70,"column":12},"end":{"line":72,"column":13}},"type":"if","locations":[{"start":{"line":70,"column":12},"end":{"line":72,"column":13}},{"start":{"line":70,"column":12},"end":{"line":72,"column":13}}],"line":70},"13":{"loc":{"start":{"line":74,"column":12},"end":{"line":76,"column":13}},"type":"if","locations":[{"start":{"line":74,"column":12},"end":{"line":76,"column":13}},{"start":{"line":74,"column":12},"end":{"line":76,"column":13}}],"line":74},"14":{"loc":{"start":{"line":82,"column":4},"end":{"line":84,"column":5}},"type":"if","locations":[{"start":{"line":82,"column":4},"end":{"line":84,"column":5}},{"start":{"line":82,"column":4},"end":{"line":84,"column":5}}],"line":82},"15":{"loc":{"start":{"line":82,"column":8},"end":{"line":82,"column":46}},"type":"binary-expr","locations":[{"start":{"line":82,"column":8},"end":{"line":82,"column":37}},{"start":{"line":82,"column":41},"end":{"line":82,"column":46}}],"line":82},"16":{"loc":{"start":{"line":86,"column":4},"end":{"line":112,"column":5}},"type":"if","locations":[{"start":{"line":86,"column":4},"end":{"line":112,"column":5}},{"start":{"line":86,"column":4},"end":{"line":112,"column":5}}],"line":86},"17":{"loc":{"start":{"line":92,"column":8},"end":{"line":94,"column":9}},"type":"if","locations":[{"start":{"line":92,"column":8},"end":{"line":94,"column":9}},{"start":{"line":92,"column":8},"end":{"line":94,"column":9}}],"line":92},"18":{"loc":{"start":{"line":97,"column":10},"end":{"line":99,"column":11}},"type":"if","locations":[{"start":{"line":97,"column":10},"end":{"line":99,"column":11}},{"start":{"line":97,"column":10},"end":{"line":99,"column":11}}],"line":97},"19":{"loc":{"start":{"line":107,"column":6},"end":{"line":109,"column":7}},"type":"if","locations":[{"start":{"line":107,"column":6},"end":{"line":109,"column":7}},{"start":{"line":107,"column":6},"end":{"line":109,"column":7}}],"line":107}},"s":{"0":1,"1":1,"2":1,"3":1,"4":1,"5":1,"6":1,"7":1,"8":1,"9":1,"10":0,"11":1,"12":0,"13":0,"14":0,"15":0,"16":0,"17":0,"18":0,"19":0,"20":0,"21":0,"22":0,"23":0,"24":0,"25":0,"26":0,"27":0,"28":0,"29":0,"30":0,"31":0,"32":0,"33":0,"34":0,"35":0,"36":0,"37":0,"38":0,"39":0,"40":0,"41":0,"42":0,"43":0,"44":0,"45":0,"46":0,"47":0,"48":0,"49":0,"50":0,"51":0,"52":0},"f":{"0":0,"1":0,"2":0,"3":0,"4":0},"b":{"0":[0,0],"1":[0,0],"2":[0,0],"3":[0,0],"4":[0,0],"5":[0,0],"6":[0,0],"7":[0,0],"8":[0,0],"9":[0,0],"10":[0,0],"11":[0,0],"12":[0,0],"13":[0,0],"14":[0,0],"15":[0,0],"16":[0,0],"17":[0,0],"18":[0,0],"19":[0,0]},"_coverageSchema":"43e27e138ebf9cfc5966b082cf9a028302ed4184","hash":"d8215f2ed665db39a0e99f8e11c86b57394af714","contentHash":"65cec683723b459d31068a43dc80741ad2c32d30541b160e2ad0d45f15e2c94b"},"/home/laurent_payot/floweret/src/errors.coffee":{"path":"/home/laurent_payot/floweret/src/errors.coffee","statementMap":{"0":{"start":{"line":3,"column":23},"end":{"line":9,"column":12}},"1":{"start":{"line":7,"column":2},"end":{"line":7,"column":55}},"2":{"start":{"line":8,"column":2},"end":{"line":8,"column":26}},"3":{"start":{"line":11,"column":18},"end":{"line":17,"column":12}},"4":{"start":{"line":15,"column":2},"end":{"line":15,"column":45}},"5":{"start":{"line":16,"column":2},"end":{"line":16,"column":21}}},"fnMap":{"0":{"name":"(anonymous_0)","decl":{"start":{"line":3,"column":50},"end":{"line":3,"column":51}},"loc":{"start":{"line":3,"column":62},"end":{"line":9,"column":1}},"line":3},"1":{"name":"(anonymous_1)","decl":{"start":{"line":11,"column":40},"end":{"line":11,"column":41}},"loc":{"start":{"line":11,"column":52},"end":{"line":17,"column":1}},"line":11}},"branchMap":{},"s":{"0":1,"1":1,"2":1,"3":1,"4":1,"5":1},"f":{"0":1,"1":1},"b":{},"_coverageSchema":"43e27e138ebf9cfc5966b082cf9a028302ed4184","hash":"9688cd1d2a1edc514523235afc0ce2c8252ba3b4","contentHash":"338d1bbe2802e3474c17eed799bd5f5b13a038e6d2e9daf2979f9e70e968cf45"},"/home/laurent_payot/floweret/src/shouldBe.coffee":{"path":"/home/laurent_payot/floweret/src/shouldBe.coffee","statementMap":{"0":{"start":{"line":3,"column":13},"end":{"line":3,"column":31}},"1":{"start":{"line":5,"column":18},"end":{"line":5,"column":36}},"2":{"start":{"line":6,"column":16},"end":{"line":6,"column":32}},"3":{"start":{"line":7,"column":20},"end":{"line":7,"column":40}},"4":{"start":{"line":9,"column":14},"end":{"line":9,"column":34}},"5":{"start":{"line":12,"column":13},"end":{"line":12,"column":22}},"6":{"start":{"line":13,"column":14},"end":{"line":13,"column":24}},"7":{"start":{"line":16,"column":0},"end":{"line":31,"column":2}},"8":{"start":{"line":19,"column":2},"end":{"line":30,"column":3}},"9":{"start":{"line":20,"column":4},"end":{"line":20,"column":19}},"10":{"start":{"line":22,"column":4},"end":{"line":24,"column":5}},"11":{"start":{"line":23,"column":6},"end":{"line":23,"column":34}},"12":{"start":{"line":27,"column":4},"end":{"line":29,"column":5}},"13":{"start":{"line":28,"column":6},"end":{"line":28,"column":141}},"14":{"start":{"line":34,"column":0},"end":{"line":75,"column":2}},"15":{"start":{"line":36,"column":2},"end":{"line":36,"column":22}},"16":{"start":{"line":37,"column":2},"end":{"line":74,"column":6}},"17":{"start":{"line":40,"column":4},"end":{"line":73,"column":5}},"18":{"start":{"line":42,"column":8},"end":{"line":54,"column":9}},"19":{"start":{"line":43,"column":10},"end":{"line":51,"column":11}},"20":{"start":{"line":45,"column":12},"end":{"line":45,"column":80}},"21":{"start":{"line":47,"column":12},"end":{"line":49,"column":15}},"22":{"start":{"line":48,"column":14},"end":{"line":48,"column":42}},"23":{"start":{"line":50,"column":12},"end":{"line":50,"column":107}},"24":{"start":{"line":53,"column":10},"end":{"line":53,"column":56}},"25":{"start":{"line":56,"column":8},"end":{"line":56,"column":14}},"26":{"start":{"line":59,"column":8},"end":{"line":67,"column":9}},"27":{"start":{"line":60,"column":10},"end":{"line":60,"column":82}},"28":{"start":{"line":61,"column":10},"end":{"line":61,"column":33}},"29":{"start":{"line":62,"column":10},"end":{"line":64,"column":149}},"30":{"start":{"line":63,"column":12},"end":{"line":63,"column":29}},"31":{"start":{"line":66,"column":10},"end":{"line":66,"column":58}},"32":{"start":{"line":69,"column":8},"end":{"line":69,"column":14}},"33":{"start":{"line":72,"column":8},"end":{"line":72,"column":91}}},"fnMap":{"0":{"name":"(anonymous_0)","decl":{"start":{"line":16,"column":10},"end":{"line":16,"column":11}},"loc":{"start":{"line":16,"column":34},"end":{"line":31,"column":1}},"line":16},"1":{"name":"(anonymous_1)","decl":{"start":{"line":34,"column":17},"end":{"line":34,"column":18}},"loc":{"start":{"line":34,"column":56},"end":{"line":75,"column":1}},"line":34},"2":{"name":"(anonymous_2)","decl":{"start":{"line":37,"column":58},"end":{"line":37,"column":59}},"loc":{"start":{"line":37,"column":70},"end":{"line":74,"column":3}},"line":37},"3":{"name":"(anonymous_3)","decl":{"start":{"line":47,"column":30},"end":{"line":47,"column":31}},"loc":{"start":{"line":47,"column":43},"end":{"line":49,"column":13}},"line":47},"4":{"name":"(anonymous_4)","decl":{"start":{"line":62,"column":155},"end":{"line":62,"column":156}},"loc":{"start":{"line":62,"column":176},"end":{"line":64,"column":11}},"line":62}},"branchMap":{"0":{"loc":{"start":{"line":22,"column":4},"end":{"line":24,"column":5}},"type":"if","locations":[{"start":{"line":22,"column":4},"end":{"line":24,"column":5}},{"start":{"line":22,"column":4},"end":{"line":24,"column":5}}],"line":22},"1":{"loc":{"start":{"line":27,"column":4},"end":{"line":29,"column":5}},"type":"if","locations":[{"start":{"line":27,"column":4},"end":{"line":29,"column":5}},{"start":{"line":27,"column":4},"end":{"line":29,"column":5}}],"line":27},"2":{"loc":{"start":{"line":27,"column":8},"end":{"line":27,"column":103}},"type":"binary-expr","locations":[{"start":{"line":27,"column":8},"end":{"line":27,"column":27}},{"start":{"line":27,"column":31},"end":{"line":27,"column":52}},{"start":{"line":27,"column":56},"end":{"line":27,"column":103}}],"line":27},"3":{"loc":{"start":{"line":27,"column":57},"end":{"line":27,"column":91}},"type":"cond-expr","locations":[{"start":{"line":27,"column":69},"end":{"line":27,"column":82}},{"start":{"line":27,"column":85},"end":{"line":27,"column":91}}],"line":27},"4":{"loc":{"start":{"line":28,"column":24},"end":{"line":28,"column":139}},"type":"cond-expr","locations":[{"start":{"line":28,"column":89},"end":{"line":28,"column":116}},{"start":{"line":28,"column":119},"end":{"line":28,"column":139}}],"line":28},"5":{"loc":{"start":{"line":28,"column":25},"end":{"line":28,"column":74}},"type":"cond-expr","locations":[{"start":{"line":28,"column":50},"end":{"line":28,"column":65}},{"start":{"line":28,"column":68},"end":{"line":28,"column":74}}],"line":28},"6":{"loc":{"start":{"line":34,"column":38},"end":{"line":34,"column":54}},"type":"default-arg","locations":[{"start":{"line":34,"column":49},"end":{"line":34,"column":54}}],"line":34},"7":{"loc":{"start":{"line":37,"column":22},"end":{"line":37,"column":53}},"type":"cond-expr","locations":[{"start":{"line":37,"column":33},"end":{"line":37,"column":48}},{"start":{"line":37,"column":51},"end":{"line":37,"column":53}}],"line":37},"8":{"loc":{"start":{"line":40,"column":4},"end":{"line":73,"column":5}},"type":"switch","locations":[{"start":{"line":41,"column":6},"end":{"line":56,"column":14}},{"start":{"line":58,"column":6},"end":{"line":69,"column":14}},{"start":{"line":71,"column":6},"end":{"line":72,"column":91}}],"line":40},"9":{"loc":{"start":{"line":41,"column":13},"end":{"line":41,"column":108}},"type":"binary-expr","locations":[{"start":{"line":41,"column":13},"end":{"line":41,"column":31}},{"start":{"line":41,"column":35},"end":{"line":41,"column":54}},{"start":{"line":41,"column":59},"end":{"line":41,"column":76}},{"start":{"line":41,"column":80},"end":{"line":41,"column":107}}],"line":41},"10":{"loc":{"start":{"line":42,"column":8},"end":{"line":54,"column":9}},"type":"if","locations":[{"start":{"line":42,"column":8},"end":{"line":54,"column":9}},{"start":{"line":42,"column":8},"end":{"line":54,"column":9}}],"line":42},"11":{"loc":{"start":{"line":43,"column":10},"end":{"line":51,"column":11}},"type":"if","locations":[{"start":{"line":43,"column":10},"end":{"line":51,"column":11}},{"start":{"line":43,"column":10},"end":{"line":51,"column":11}}],"line":43},"12":{"loc":{"start":{"line":58,"column":13},"end":{"line":58,"column":121}},"type":"binary-expr","locations":[{"start":{"line":58,"column":13},"end":{"line":58,"column":64}},{"start":{"line":58,"column":68},"end":{"line":58,"column":121}}],"line":58},"13":{"loc":{"start":{"line":58,"column":14},"end":{"line":58,"column":52}},"type":"cond-expr","locations":[{"start":{"line":58,"column":28},"end":{"line":58,"column":43}},{"start":{"line":58,"column":46},"end":{"line":58,"column":52}}],"line":58},"14":{"loc":{"start":{"line":58,"column":69},"end":{"line":58,"column":109}},"type":"cond-expr","locations":[{"start":{"line":58,"column":84},"end":{"line":58,"column":100}},{"start":{"line":58,"column":103},"end":{"line":58,"column":109}}],"line":58},"15":{"loc":{"start":{"line":59,"column":8},"end":{"line":67,"column":9}},"type":"if","locations":[{"start":{"line":59,"column":8},"end":{"line":67,"column":9}},{"start":{"line":59,"column":8},"end":{"line":67,"column":9}}],"line":59},"16":{"loc":{"start":{"line":62,"column":90},"end":{"line":64,"column":146}},"type":"cond-expr","locations":[{"start":{"line":64,"column":104},"end":{"line":64,"column":130}},{"start":{"line":64,"column":133},"end":{"line":64,"column":146}}],"line":62},"17":{"loc":{"start":{"line":62,"column":90},"end":{"line":64,"column":101}},"type":"binary-expr","locations":[{"start":{"line":62,"column":90},"end":{"line":62,"column":103}},{"start":{"line":62,"column":107},"end":{"line":64,"column":27}},{"start":{"line":64,"column":31},"end":{"line":64,"column":80}},{"start":{"line":64,"column":84},"end":{"line":64,"column":101}}],"line":62},"18":{"loc":{"start":{"line":64,"column":32},"end":{"line":64,"column":68}},"type":"cond-expr","locations":[{"start":{"line":64,"column":45},"end":{"line":64,"column":59}},{"start":{"line":64,"column":62},"end":{"line":64,"column":68}}],"line":64},"19":{"loc":{"start":{"line":72,"column":18},"end":{"line":72,"column":39}},"type":"cond-expr","locations":[{"start":{"line":72,"column":29},"end":{"line":72,"column":31}},{"start":{"line":72,"column":34},"end":{"line":72,"column":39}}],"line":72}},"s":{"0":1,"1":1,"2":1,"3":1,"4":1,"5":1,"6":1,"7":1,"8":0,"9":0,"10":0,"11":0,"12":0,"13":0,"14":1,"15":0,"16":0,"17":0,"18":0,"19":0,"20":0,"21":0,"22":0,"23":0,"24":0,"25":0,"26":0,"27":0,"28":0,"29":0,"30":0,"31":0,"32":0,"33":0},"f":{"0":0,"1":0,"2":0,"3":0,"4":0},"b":{"0":[0,0],"1":[0,0],"2":[0,0,0],"3":[0,0],"4":[0,0],"5":[0,0],"6":[0],"7":[0,0],"8":[0,0,0],"9":[0,0,0,0],"10":[0,0],"11":[0,0],"12":[0,0],"13":[0,0],"14":[0,0],"15":[0,0],"16":[0,0],"17":[0,0,0,0],"18":[0,0],"19":[0,0]},"_coverageSchema":"43e27e138ebf9cfc5966b082cf9a028302ed4184","hash":"e232b257161324840a5ed4bff3a5930df1aa37cf","contentHash":"e6845d30dfc74d4674c3c414b5744650ce1354bad60199f73a0fdfdbc7284a54"},"/home/laurent_payot/floweret/src/tools.coffee":{"path":"/home/laurent_payot/floweret/src/tools.coffee","statementMap":{"0":{"start":{"line":3,"column":11},"end":{"line":3,"column":34}},"1":{"start":{"line":5,"column":16},"end":{"line":5,"column":38}},"2":{"start":{"line":7,"column":13},"end":{"line":7,"column":32}},"3":{"start":{"line":11,"column":0},"end":{"line":13,"column":2}},"4":{"start":{"line":12,"column":2},"end":{"line":12,"column":34}},"5":{"start":{"line":15,"column":0},"end":{"line":15,"column":30}},"6":{"start":{"line":17,"column":0},"end":{"line":19,"column":2}},"7":{"start":{"line":18,"column":2},"end":{"line":18,"column":45}},"8":{"start":{"line":22,"column":0},"end":{"line":25,"column":2}},"9":{"start":{"line":24,"column":2},"end":{"line":24,"column":122}},"10":{"start":{"line":28,"column":0},"end":{"line":45,"column":2}},"11":{"start":{"line":30,"column":2},"end":{"line":30,"column":18}},"12":{"start":{"line":31,"column":2},"end":{"line":44,"column":6}},"13":{"start":{"line":32,"column":4},"end":{"line":43,"column":5}},"14":{"start":{"line":34,"column":8},"end":{"line":34,"column":32}},"15":{"start":{"line":39,"column":8},"end":{"line":39,"column":25}},"16":{"start":{"line":42,"column":8},"end":{"line":42,"column":18}},"17":{"start":{"line":48,"column":0},"end":{"line":121,"column":2}},"18":{"start":{"line":51,"column":2},"end":{"line":120,"column":3}},"19":{"start":{"line":53,"column":4},"end":{"line":53,"column":45}},"20":{"start":{"line":55,"column":4},"end":{"line":85,"column":5}},"21":{"start":{"line":57,"column":8},"end":{"line":57,"column":29}},"22":{"start":{"line":60,"column":8},"end":{"line":64,"column":9}},"23":{"start":{"line":61,"column":10},"end":{"line":61,"column":40}},"24":{"start":{"line":63,"column":10},"end":{"line":63,"column":54}},"25":{"start":{"line":66,"column":8},"end":{"line":66,"column":14}},"26":{"start":{"line":69,"column":8},"end":{"line":83,"column":9}},"27":{"start":{"line":70,"column":10},"end":{"line":70,"column":52}},"28":{"start":{"line":72,"column":10},"end":{"line":82,"column":27}},"29":{"start":{"line":74,"column":12},"end":{"line":74,"column":25}},"30":{"start":{"line":76,"column":12},"end":{"line":79,"column":13}},"31":{"start":{"line":77,"column":14},"end":{"line":77,"column":26}},"32":{"start":{"line":78,"column":14},"end":{"line":78,"column":43}},"33":{"start":{"line":81,"column":12},"end":{"line":81,"column":27}},"34":{"start":{"line":87,"column":4},"end":{"line":119,"column":5}},"35":{"start":{"line":89,"column":8},"end":{"line":89,"column":28}},"36":{"start":{"line":92,"column":8},"end":{"line":96,"column":9}},"37":{"start":{"line":93,"column":10},"end":{"line":93,"column":38}},"38":{"start":{"line":95,"column":10},"end":{"line":95,"column":27}},"39":{"start":{"line":98,"column":8},"end":{"line":98,"column":14}},"40":{"start":{"line":101,"column":8},"end":{"line":105,"column":9}},"41":{"start":{"line":102,"column":10},"end":{"line":102,"column":31}},"42":{"start":{"line":104,"column":10},"end":{"line":104,"column":32}},"43":{"start":{"line":107,"column":8},"end":{"line":107,"column":14}},"44":{"start":{"line":110,"column":8},"end":{"line":110,"column":60}},"45":{"start":{"line":113,"column":8},"end":{"line":117,"column":9}},"46":{"start":{"line":114,"column":10},"end":{"line":114,"column":36}},"47":{"start":{"line":116,"column":10},"end":{"line":116,"column":46}},"48":{"start":{"line":123,"column":0},"end":{"line":123,"column":38}},"49":{"start":{"line":124,"column":0},"end":{"line":124,"column":22}},"50":{"start":{"line":125,"column":0},"end":{"line":125,"column":30}},"51":{"start":{"line":126,"column":0},"end":{"line":126,"column":30}},"52":{"start":{"line":127,"column":0},"end":{"line":127,"column":34}}},"fnMap":{"0":{"name":"(anonymous_0)","decl":{"start":{"line":11,"column":16},"end":{"line":11,"column":17}},"loc":{"start":{"line":11,"column":31},"end":{"line":13,"column":1}},"line":11},"1":{"name":"(anonymous_1)","decl":{"start":{"line":17,"column":8},"end":{"line":17,"column":9}},"loc":{"start":{"line":17,"column":21},"end":{"line":19,"column":1}},"line":17},"2":{"name":"(anonymous_2)","decl":{"start":{"line":22,"column":12},"end":{"line":22,"column":13}},"loc":{"start":{"line":22,"column":27},"end":{"line":25,"column":1}},"line":22},"3":{"name":"(anonymous_3)","decl":{"start":{"line":28,"column":12},"end":{"line":28,"column":13}},"loc":{"start":{"line":28,"column":27},"end":{"line":45,"column":1}},"line":28},"4":{"name":"(anonymous_4)","decl":{"start":{"line":31,"column":13},"end":{"line":31,"column":14}},"loc":{"start":{"line":31,"column":25},"end":{"line":44,"column":3}},"line":31},"5":{"name":"(anonymous_5)","decl":{"start":{"line":48,"column":14},"end":{"line":48,"column":15}},"loc":{"start":{"line":48,"column":30},"end":{"line":121,"column":1}},"line":48},"6":{"name":"(anonymous_6)","decl":{"start":{"line":72,"column":17},"end":{"line":72,"column":18}},"loc":{"start":{"line":72,"column":29},"end":{"line":82,"column":11}},"line":72}},"branchMap":{"0":{"loc":{"start":{"line":18,"column":9},"end":{"line":18,"column":44}},"type":"binary-expr","locations":[{"start":{"line":18,"column":9},"end":{"line":18,"column":24}},{"start":{"line":18,"column":28},"end":{"line":18,"column":44}}],"line":18},"1":{"loc":{"start":{"line":24,"column":9},"end":{"line":24,"column":121}},"type":"binary-expr","locations":[{"start":{"line":24,"column":9},"end":{"line":24,"column":66}},{"start":{"line":24,"column":70},"end":{"line":24,"column":84}},{"start":{"line":24,"column":88},"end":{"line":24,"column":102}},{"start":{"line":24,"column":106},"end":{"line":24,"column":121}}],"line":24},"2":{"loc":{"start":{"line":24,"column":16},"end":{"line":24,"column":54}},"type":"cond-expr","locations":[{"start":{"line":24,"column":30},"end":{"line":24,"column":45}},{"start":{"line":24,"column":48},"end":{"line":24,"column":54}}],"line":24},"3":{"loc":{"start":{"line":32,"column":4},"end":{"line":43,"column":5}},"type":"switch","locations":[{"start":{"line":33,"column":6},"end":{"line":34,"column":32}},{"start":{"line":36,"column":6},"end":{"line":36,"column":20}},{"start":{"line":37,"column":6},"end":{"line":37,"column":21}},{"start":{"line":38,"column":6},"end":{"line":39,"column":25}},{"start":{"line":41,"column":6},"end":{"line":42,"column":18}}],"line":32},"4":{"loc":{"start":{"line":51,"column":2},"end":{"line":120,"column":3}},"type":"if","locations":[{"start":{"line":51,"column":2},"end":{"line":120,"column":3}},{"start":{"line":51,"column":2},"end":{"line":120,"column":3}}],"line":51},"5":{"loc":{"start":{"line":55,"column":4},"end":{"line":85,"column":5}},"type":"switch","locations":[{"start":{"line":56,"column":6},"end":{"line":57,"column":29}},{"start":{"line":59,"column":6},"end":{"line":66,"column":14}},{"start":{"line":68,"column":6},"end":{"line":83,"column":9}}],"line":55},"6":{"loc":{"start":{"line":60,"column":8},"end":{"line":64,"column":9}},"type":"if","locations":[{"start":{"line":60,"column":8},"end":{"line":64,"column":9}},{"start":{"line":60,"column":8},"end":{"line":64,"column":9}}],"line":60},"7":{"loc":{"start":{"line":69,"column":8},"end":{"line":83,"column":9}},"type":"if","locations":[{"start":{"line":69,"column":8},"end":{"line":83,"column":9}},{"start":{"line":69,"column":8},"end":{"line":83,"column":9}}],"line":69},"8":{"loc":{"start":{"line":87,"column":4},"end":{"line":119,"column":5}},"type":"switch","locations":[{"start":{"line":88,"column":6},"end":{"line":89,"column":28}},{"start":{"line":91,"column":6},"end":{"line":98,"column":14}},{"start":{"line":100,"column":6},"end":{"line":107,"column":14}},{"start":{"line":109,"column":6},"end":{"line":110,"column":60}},{"start":{"line":112,"column":6},"end":{"line":117,"column":9}}],"line":87},"9":{"loc":{"start":{"line":87,"column":12},"end":{"line":87,"column":52}},"type":"cond-expr","locations":[{"start":{"line":87,"column":27},"end":{"line":87,"column":43}},{"start":{"line":87,"column":46},"end":{"line":87,"column":52}}],"line":87},"10":{"loc":{"start":{"line":92,"column":8},"end":{"line":96,"column":9}},"type":"if","locations":[{"start":{"line":92,"column":8},"end":{"line":96,"column":9}},{"start":{"line":92,"column":8},"end":{"line":96,"column":9}}],"line":92},"11":{"loc":{"start":{"line":101,"column":8},"end":{"line":105,"column":9}},"type":"if","locations":[{"start":{"line":101,"column":8},"end":{"line":105,"column":9}},{"start":{"line":101,"column":8},"end":{"line":105,"column":9}}],"line":101},"12":{"loc":{"start":{"line":113,"column":8},"end":{"line":117,"column":9}},"type":"if","locations":[{"start":{"line":113,"column":8},"end":{"line":117,"column":9}},{"start":{"line":113,"column":8},"end":{"line":117,"column":9}}],"line":113}},"s":{"0":1,"1":1,"2":1,"3":1,"4":0,"5":1,"6":1,"7":16,"8":1,"9":0,"10":1,"11":0,"12":0,"13":0,"14":0,"15":0,"16":0,"17":1,"18":0,"19":0,"20":0,"21":0,"22":0,"23":0,"24":0,"25":0,"26":0,"27":0,"28":0,"29":0,"30":0,"31":0,"32":0,"33":0,"34":0,"35":0,"36":0,"37":0,"38":0,"39":0,"40":0,"41":0,"42":0,"43":0,"44":0,"45":0,"46":0,"47":0,"48":1,"49":1,"50":1,"51":1,"52":1},"f":{"0":0,"1":16,"2":0,"3":0,"4":0,"5":0,"6":0},"b":{"0":[16,16],"1":[0,0,0,0],"2":[0,0],"3":[0,0,0,0,0],"4":[0,0],"5":[0,0,0],"6":[0,0],"7":[0,0],"8":[0,0,0,0,0],"9":[0,0],"10":[0,0],"11":[0,0],"12":[0,0]},"_coverageSchema":"43e27e138ebf9cfc5966b082cf9a028302ed4184","hash":"f4105866c47a66f2212d4df0b53379d53ede5d84","contentHash":"04ca275842e72f6761da29120817399a9d130f2f70fe06741521308b45a2cddc"},"/home/laurent_payot/floweret/src/types/Type.coffee":{"path":"/home/laurent_payot/floweret/src/types/Type.coffee","statementMap":{"0":{"start":{"line":3,"column":14},"end":{"line":3,"column":34}},"1":{"start":{"line":5,"column":18},"end":{"line":5,"column":37}},"2":{"start":{"line":8,"column":0},"end":{"line":10,"column":2}},"3":{"start":{"line":9,"column":2},"end":{"line":9,"column":48}},"4":{"start":{"line":12,"column":0},"end":{"line":93,"column":13}},"5":{"start":{"line":18,"column":6},"end":{"line":20,"column":8}},"6":{"start":{"line":19,"column":8},"end":{"line":19,"column":44}},"7":{"start":{"line":22,"column":6},"end":{"line":22,"column":25}},"8":{"start":{"line":23,"column":6},"end":{"line":23,"column":15}},"9":{"start":{"line":27,"column":6},"end":{"line":27,"column":33}},"10":{"start":{"line":31,"column":6},"end":{"line":33,"column":7}},"11":{"start":{"line":32,"column":8},"end":{"line":32,"column":51}},"12":{"start":{"line":39,"column":6},"end":{"line":41,"column":7}},"13":{"start":{"line":40,"column":8},"end":{"line":40,"column":77}},"14":{"start":{"line":43,"column":6},"end":{"line":43,"column":27}},"15":{"start":{"line":44,"column":6},"end":{"line":44,"column":25}},"16":{"start":{"line":45,"column":6},"end":{"line":45,"column":25}},"17":{"start":{"line":46,"column":6},"end":{"line":46,"column":54}},"18":{"start":{"line":48,"column":6},"end":{"line":76,"column":7}},"19":{"start":{"line":50,"column":10},"end":{"line":52,"column":11}},"20":{"start":{"line":51,"column":12},"end":{"line":51,"column":69}},"21":{"start":{"line":54,"column":10},"end":{"line":54,"column":16}},"22":{"start":{"line":57,"column":10},"end":{"line":59,"column":11}},"23":{"start":{"line":58,"column":12},"end":{"line":58,"column":63}},"24":{"start":{"line":61,"column":10},"end":{"line":63,"column":11}},"25":{"start":{"line":62,"column":12},"end":{"line":62,"column":68}},"26":{"start":{"line":65,"column":10},"end":{"line":65,"column":16}},"27":{"start":{"line":68,"column":10},"end":{"line":70,"column":11}},"28":{"start":{"line":69,"column":12},"end":{"line":69,"column":68}},"29":{"start":{"line":72,"column":10},"end":{"line":74,"column":11}},"30":{"start":{"line":73,"column":12},"end":{"line":73,"column":69}},"31":{"start":{"line":80,"column":6},"end":{"line":80,"column":19}},"32":{"start":{"line":84,"column":6},"end":{"line":84,"column":35}},"33":{"start":{"line":90,"column":2},"end":{"line":90,"column":34}},"34":{"start":{"line":91,"column":2},"end":{"line":91,"column":34}},"35":{"start":{"line":92,"column":2},"end":{"line":92,"column":14}}},"fnMap":{"0":{"name":"(anonymous_0)","decl":{"start":{"line":8,"column":9},"end":{"line":8,"column":10}},"loc":{"start":{"line":8,"column":22},"end":{"line":10,"column":1}},"line":8},"1":{"name":"(anonymous_1)","decl":{"start":{"line":12,"column":24},"end":{"line":12,"column":25}},"loc":{"start":{"line":12,"column":36},"end":{"line":93,"column":1}},"line":12},"2":{"name":"(anonymous_2)","decl":{"start":{"line":15,"column":4},"end":{"line":15,"column":5}},"loc":{"start":{"line":15,"column":36},"end":{"line":24,"column":5}},"line":15},"3":{"name":"(anonymous_3)","decl":{"start":{"line":18,"column":10},"end":{"line":18,"column":11}},"loc":{"start":{"line":18,"column":22},"end":{"line":20,"column":7}},"line":18},"4":{"name":"(anonymous_4)","decl":{"start":{"line":26,"column":4},"end":{"line":26,"column":5}},"loc":{"start":{"line":26,"column":15},"end":{"line":28,"column":5}},"line":26},"5":{"name":"(anonymous_5)","decl":{"start":{"line":30,"column":4},"end":{"line":30,"column":5}},"loc":{"start":{"line":30,"column":14},"end":{"line":34,"column":5}},"line":30},"6":{"name":"(anonymous_6)","decl":{"start":{"line":36,"column":4},"end":{"line":36,"column":5}},"loc":{"start":{"line":36,"column":18},"end":{"line":77,"column":5}},"line":36},"7":{"name":"(anonymous_7)","decl":{"start":{"line":79,"column":4},"end":{"line":79,"column":5}},"loc":{"start":{"line":79,"column":15},"end":{"line":81,"column":5}},"line":79},"8":{"name":"(anonymous_8)","decl":{"start":{"line":83,"column":4},"end":{"line":83,"column":5}},"loc":{"start":{"line":83,"column":18},"end":{"line":85,"column":5}},"line":83}},"branchMap":{"0":{"loc":{"start":{"line":9,"column":26},"end":{"line":9,"column":44}},"type":"cond-expr","locations":[{"start":{"line":9,"column":36},"end":{"line":9,"column":38}},{"start":{"line":9,"column":41},"end":{"line":9,"column":44}}],"line":9},"1":{"loc":{"start":{"line":31,"column":6},"end":{"line":33,"column":7}},"type":"if","locations":[{"start":{"line":31,"column":6},"end":{"line":33,"column":7}},{"start":{"line":31,"column":6},"end":{"line":33,"column":7}}],"line":31},"2":{"loc":{"start":{"line":31,"column":11},"end":{"line":31,"column":93}},"type":"cond-expr","locations":[{"start":{"line":31,"column":64},"end":{"line":31,"column":84}},{"start":{"line":31,"column":87},"end":{"line":31,"column":93}}],"line":31},"3":{"loc":{"start":{"line":31,"column":11},"end":{"line":31,"column":61}},"type":"binary-expr","locations":[{"start":{"line":31,"column":11},"end":{"line":31,"column":41}},{"start":{"line":31,"column":45},"end":{"line":31,"column":61}}],"line":31},"4":{"loc":{"start":{"line":39,"column":6},"end":{"line":41,"column":7}},"type":"if","locations":[{"start":{"line":39,"column":6},"end":{"line":41,"column":7}},{"start":{"line":39,"column":6},"end":{"line":41,"column":7}}],"line":39},"5":{"loc":{"start":{"line":46,"column":13},"end":{"line":46,"column":53}},"type":"binary-expr","locations":[{"start":{"line":46,"column":13},"end":{"line":46,"column":28}},{"start":{"line":46,"column":32},"end":{"line":46,"column":53}}],"line":46},"6":{"loc":{"start":{"line":48,"column":6},"end":{"line":76,"column":7}},"type":"switch","locations":[{"start":{"line":49,"column":8},"end":{"line":54,"column":16}},{"start":{"line":56,"column":8},"end":{"line":65,"column":16}},{"start":{"line":67,"column":8},"end":{"line":74,"column":11}}],"line":48},"7":{"loc":{"start":{"line":50,"column":10},"end":{"line":52,"column":11}},"type":"if","locations":[{"start":{"line":50,"column":10},"end":{"line":52,"column":11}},{"start":{"line":50,"column":10},"end":{"line":52,"column":11}}],"line":50},"8":{"loc":{"start":{"line":50,"column":14},"end":{"line":50,"column":28}},"type":"binary-expr","locations":[{"start":{"line":50,"column":14},"end":{"line":50,"column":17}},{"start":{"line":50,"column":21},"end":{"line":50,"column":28}}],"line":50},"9":{"loc":{"start":{"line":57,"column":10},"end":{"line":59,"column":11}},"type":"if","locations":[{"start":{"line":57,"column":10},"end":{"line":59,"column":11}},{"start":{"line":57,"column":10},"end":{"line":59,"column":11}}],"line":57},"10":{"loc":{"start":{"line":57,"column":14},"end":{"line":57,"column":28}},"type":"binary-expr","locations":[{"start":{"line":57,"column":14},"end":{"line":57,"column":23}},{"start":{"line":57,"column":27},"end":{"line":57,"column":28}}],"line":57},"11":{"loc":{"start":{"line":61,"column":10},"end":{"line":63,"column":11}},"type":"if","locations":[{"start":{"line":61,"column":10},"end":{"line":63,"column":11}},{"start":{"line":61,"column":10},"end":{"line":63,"column":11}}],"line":61},"12":{"loc":{"start":{"line":68,"column":10},"end":{"line":70,"column":11}},"type":"if","locations":[{"start":{"line":68,"column":10},"end":{"line":70,"column":11}},{"start":{"line":68,"column":10},"end":{"line":70,"column":11}}],"line":68},"13":{"loc":{"start":{"line":72,"column":10},"end":{"line":74,"column":11}},"type":"if","locations":[{"start":{"line":72,"column":10},"end":{"line":74,"column":11}},{"start":{"line":72,"column":10},"end":{"line":74,"column":11}}],"line":72}},"s":{"0":1,"1":1,"2":1,"3":0,"4":1,"5":16,"6":19,"7":16,"8":16,"9":0,"10":0,"11":0,"12":19,"13":0,"14":19,"15":19,"16":19,"17":19,"18":19,"19":0,"20":0,"21":0,"22":17,"23":0,"24":17,"25":0,"26":17,"27":2,"28":0,"29":2,"30":0,"31":0,"32":0,"33":1,"34":1,"35":1},"f":{"0":0,"1":1,"2":16,"3":19,"4":0,"5":0,"6":19,"7":0,"8":0},"b":{"0":[0,0],"1":[0,0],"2":[0,0],"3":[0,0],"4":[0,19],"5":[19,2],"6":[0,17,2],"7":[0,0],"8":[0,0],"9":[0,17],"10":[17,1],"11":[0,17],"12":[0,2],"13":[0,2]},"_coverageSchema":"43e27e138ebf9cfc5966b082cf9a028302ed4184","hash":"1b68f41253e534b48bac18ac51466d41e8649b8d","contentHash":"35ca9c09c0c7e5e33ab730cb90f0d7bcc4054a7f53168b1cc0db99066be1ba5b"},"/home/laurent_payot/floweret/src/types/Any.coffee":{"path":"/home/laurent_payot/floweret/src/types/Any.coffee","statementMap":{"0":{"start":{"line":3,"column":11},"end":{"line":3,"column":28}},"1":{"start":{"line":7,"column":0},"end":{"line":28,"column":13}},"2":{"start":{"line":10,"column":6},"end":{"line":10,"column":26}},"3":{"start":{"line":14,"column":6},"end":{"line":14,"column":18}},"4":{"start":{"line":18,"column":6},"end":{"line":18,"column":24}},"5":{"start":{"line":25,"column":2},"end":{"line":25,"column":28}},"6":{"start":{"line":26,"column":2},"end":{"line":26,"column":28}},"7":{"start":{"line":27,"column":2},"end":{"line":27,"column":13}},"8":{"start":{"line":30,"column":0},"end":{"line":30,"column":40}}},"fnMap":{"0":{"name":"(anonymous_0)","decl":{"start":{"line":7,"column":6},"end":{"line":7,"column":7}},"loc":{"start":{"line":7,"column":18},"end":{"line":28,"column":1}},"line":7},"1":{"name":"(anonymous_1)","decl":{"start":{"line":9,"column":4},"end":{"line":9,"column":5}},"loc":{"start":{"line":9,"column":18},"end":{"line":11,"column":5}},"line":9},"2":{"name":"(anonymous_2)","decl":{"start":{"line":13,"column":4},"end":{"line":13,"column":5}},"loc":{"start":{"line":13,"column":18},"end":{"line":15,"column":5}},"line":13},"3":{"name":"(anonymous_3)","decl":{"start":{"line":17,"column":4},"end":{"line":17,"column":5}},"loc":{"start":{"line":17,"column":18},"end":{"line":19,"column":5}},"line":17}},"branchMap":{},"s":{"0":1,"1":1,"2":1,"3":0,"4":0,"5":1,"6":1,"7":1,"8":1},"f":{"0":1,"1":1,"2":0,"3":0},"b":{},"_coverageSchema":"43e27e138ebf9cfc5966b082cf9a028302ed4184","hash":"a37200689ea1ff3a68d3822c9e3a882e90ac7577","contentHash":"d42a28026a5554fc44e9ccf83545a1c1772480f36d39336a14233e8bb363e902"},"/home/laurent_payot/floweret/src/typeOf.coffee":{"path":"/home/laurent_payot/floweret/src/typeOf.coffee","statementMap":{"0":{"start":{"line":6,"column":0},"end":{"line":12,"column":2}},"1":{"start":{"line":7,"column":2},"end":{"line":11,"column":3}},"2":{"start":{"line":8,"column":4},"end":{"line":8,"column":20}},"3":{"start":{"line":10,"column":4},"end":{"line":10,"column":32}},"4":{"start":{"line":14,"column":0},"end":{"line":14,"column":24}}},"fnMap":{"0":{"name":"(anonymous_0)","decl":{"start":{"line":6,"column":9},"end":{"line":6,"column":10}},"loc":{"start":{"line":6,"column":24},"end":{"line":12,"column":1}},"line":6}},"branchMap":{"0":{"loc":{"start":{"line":7,"column":2},"end":{"line":11,"column":3}},"type":"if","locations":[{"start":{"line":7,"column":2},"end":{"line":11,"column":3}},{"start":{"line":7,"column":2},"end":{"line":11,"column":3}}],"line":7},"1":{"loc":{"start":{"line":7,"column":6},"end":{"line":7,"column":92}},"type":"binary-expr","locations":[{"start":{"line":7,"column":6},"end":{"line":7,"column":20}},{"start":{"line":7,"column":24},"end":{"line":7,"column":36}},{"start":{"line":7,"column":40},"end":{"line":7,"column":53}},{"start":{"line":7,"column":57},"end":{"line":7,"column":71}},{"start":{"line":7,"column":75},"end":{"line":7,"column":92}}],"line":7}},"s":{"0":1,"1":0,"2":0,"3":0,"4":1},"f":{"0":0},"b":{"0":[0,0],"1":[0,0,0,0,0]},"_coverageSchema":"43e27e138ebf9cfc5966b082cf9a028302ed4184","hash":"a2294dfb6651d45fd82a166cc8ceab244f7aab49","contentHash":"2ed003f92a942447f18cf3e1853fe42ffefd35d405ff692c1be197536d441799"},"/home/laurent_payot/floweret/src/isValid.coffee":{"path":"/home/laurent_payot/floweret/src/isValid.coffee","statementMap":{"0":{"start":{"line":3,"column":14},"end":{"line":3,"column":33}},"1":{"start":{"line":5,"column":18},"end":{"line":5,"column":37}},"2":{"start":{"line":7,"column":13},"end":{"line":7,"column":31}},"3":{"start":{"line":9,"column":12},"end":{"line":9,"column":24}},"4":{"start":{"line":10,"column":20},"end":{"line":10,"column":40}},"5":{"start":{"line":12,"column":13},"end":{"line":12,"column":32}},"6":{"start":{"line":14,"column":11},"end":{"line":14,"column":34}},"7":{"start":{"line":19,"column":0},"end":{"line":158,"column":2}},"8":{"start":{"line":22,"column":2},"end":{"line":157,"column":3}},"9":{"start":{"line":24,"column":4},"end":{"line":88,"column":5}},"10":{"start":{"line":26,"column":8},"end":{"line":26,"column":49}},"11":{"start":{"line":30,"column":8},"end":{"line":73,"column":9}},"12":{"start":{"line":32,"column":12},"end":{"line":32,"column":25}},"13":{"start":{"line":35,"column":12},"end":{"line":35,"column":24}},"14":{"start":{"line":38,"column":12},"end":{"line":38,"column":36}},"15":{"start":{"line":44,"column":12},"end":{"line":70,"column":13}},"16":{"start":{"line":46,"column":16},"end":{"line":46,"column":36}},"17":{"start":{"line":48,"column":16},"end":{"line":48,"column":22}},"18":{"start":{"line":53,"column":16},"end":{"line":57,"column":18}},"19":{"start":{"line":54,"column":18},"end":{"line":56,"column":36}},"20":{"start":{"line":55,"column":20},"end":{"line":55,"column":47}},"21":{"start":{"line":59,"column":16},"end":{"line":59,"column":22}},"22":{"start":{"line":62,"column":16},"end":{"line":62,"column":34}},"23":{"start":{"line":63,"column":16},"end":{"line":63,"column":22}},"24":{"start":{"line":66,"column":16},"end":{"line":68,"column":18}},"25":{"start":{"line":67,"column":18},"end":{"line":67,"column":39}},"26":{"start":{"line":72,"column":12},"end":{"line":72,"column":32}},"27":{"start":{"line":75,"column":8},"end":{"line":75,"column":14}},"28":{"start":{"line":79,"column":8},"end":{"line":86,"column":9}},"29":{"start":{"line":81,"column":10},"end":{"line":81,"column":66}},"30":{"start":{"line":83,"column":10},"end":{"line":85,"column":13}},"31":{"start":{"line":84,"column":12},"end":{"line":84,"column":35}},"32":{"start":{"line":90,"column":4},"end":{"line":156,"column":5}},"33":{"start":{"line":96,"column":8},"end":{"line":100,"column":9}},"34":{"start":{"line":97,"column":10},"end":{"line":97,"column":35}},"35":{"start":{"line":99,"column":10},"end":{"line":99,"column":30}},"36":{"start":{"line":102,"column":8},"end":{"line":102,"column":14}},"37":{"start":{"line":106,"column":8},"end":{"line":119,"column":9}},"38":{"start":{"line":108,"column":12},"end":{"line":108,"column":40}},"39":{"start":{"line":112,"column":12},"end":{"line":112,"column":38}},"40":{"start":{"line":115,"column":12},"end":{"line":115,"column":40}},"41":{"start":{"line":118,"column":12},"end":{"line":118,"column":69}},"42":{"start":{"line":121,"column":8},"end":{"line":121,"column":14}},"43":{"start":{"line":125,"column":8},"end":{"line":127,"column":9}},"44":{"start":{"line":126,"column":10},"end":{"line":126,"column":23}},"45":{"start":{"line":129,"column":8},"end":{"line":141,"column":9}},"46":{"start":{"line":130,"column":10},"end":{"line":136,"column":11}},"47":{"start":{"line":131,"column":12},"end":{"line":131,"column":24}},"48":{"start":{"line":133,"column":12},"end":{"line":135,"column":13}},"49":{"start":{"line":134,"column":14},"end":{"line":134,"column":27}},"50":{"start":{"line":138,"column":10},"end":{"line":138,"column":22}},"51":{"start":{"line":140,"column":10},"end":{"line":140,"column":36}},"52":{"start":{"line":143,"column":8},"end":{"line":143,"column":14}},"53":{"start":{"line":146,"column":8},"end":{"line":146,"column":85}},"54":{"start":{"line":149,"column":8},"end":{"line":154,"column":9}},"55":{"start":{"line":150,"column":10},"end":{"line":150,"column":36}},"56":{"start":{"line":152,"column":10},"end":{"line":152,"column":95}},"57":{"start":{"line":153,"column":10},"end":{"line":153,"column":129}},"58":{"start":{"line":160,"column":0},"end":{"line":160,"column":25}}},"fnMap":{"0":{"name":"(anonymous_0)","decl":{"start":{"line":19,"column":10},"end":{"line":19,"column":11}},"loc":{"start":{"line":19,"column":31},"end":{"line":158,"column":1}},"line":19},"1":{"name":"(anonymous_1)","decl":{"start":{"line":53,"column":20},"end":{"line":53,"column":21}},"loc":{"start":{"line":53,"column":33},"end":{"line":57,"column":17}},"line":53},"2":{"name":"(anonymous_2)","decl":{"start":{"line":66,"column":20},"end":{"line":66,"column":21}},"loc":{"start":{"line":66,"column":33},"end":{"line":68,"column":17}},"line":66},"3":{"name":"(anonymous_3)","decl":{"start":{"line":83,"column":27},"end":{"line":83,"column":28}},"loc":{"start":{"line":83,"column":40},"end":{"line":85,"column":11}},"line":83}},"branchMap":{"0":{"loc":{"start":{"line":22,"column":2},"end":{"line":157,"column":3}},"type":"if","locations":[{"start":{"line":22,"column":2},"end":{"line":157,"column":3}},{"start":{"line":22,"column":2},"end":{"line":157,"column":3}}],"line":22},"1":{"loc":{"start":{"line":24,"column":4},"end":{"line":88,"column":5}},"type":"switch","locations":[{"start":{"line":25,"column":6},"end":{"line":26,"column":49}},{"start":{"line":29,"column":6},"end":{"line":75,"column":14}},{"start":{"line":77,"column":6},"end":{"line":86,"column":9}}],"line":24},"2":{"loc":{"start":{"line":26,"column":15},"end":{"line":26,"column":48}},"type":"binary-expr","locations":[{"start":{"line":26,"column":15},"end":{"line":26,"column":33}},{"start":{"line":26,"column":37},"end":{"line":26,"column":48}}],"line":26},"3":{"loc":{"start":{"line":30,"column":8},"end":{"line":73,"column":9}},"type":"switch","locations":[{"start":{"line":31,"column":10},"end":{"line":32,"column":25}},{"start":{"line":34,"column":10},"end":{"line":35,"column":24}},{"start":{"line":37,"column":10},"end":{"line":38,"column":36}},{"start":{"line":42,"column":10},"end":{"line":72,"column":32}}],"line":30},"4":{"loc":{"start":{"line":44,"column":12},"end":{"line":70,"column":13}},"type":"switch","locations":[{"start":{"line":45,"column":14},"end":{"line":48,"column":22}},{"start":{"line":50,"column":14},"end":{"line":50,"column":26}},{"start":{"line":51,"column":14},"end":{"line":51,"column":27}},{"start":{"line":52,"column":14},"end":{"line":59,"column":22}},{"start":{"line":61,"column":14},"end":{"line":63,"column":22}},{"start":{"line":65,"column":14},"end":{"line":68,"column":18}}],"line":44},"5":{"loc":{"start":{"line":79,"column":8},"end":{"line":86,"column":9}},"type":"if","locations":[{"start":{"line":79,"column":8},"end":{"line":86,"column":9}},{"start":{"line":79,"column":8},"end":{"line":86,"column":9}}],"line":79},"6":{"loc":{"start":{"line":79,"column":12},"end":{"line":79,"column":52}},"type":"binary-expr","locations":[{"start":{"line":79,"column":12},"end":{"line":79,"column":30}},{"start":{"line":79,"column":34},"end":{"line":79,"column":52}}],"line":79},"7":{"loc":{"start":{"line":81,"column":17},"end":{"line":81,"column":65}},"type":"binary-expr","locations":[{"start":{"line":81,"column":17},"end":{"line":81,"column":35}},{"start":{"line":81,"column":39},"end":{"line":81,"column":65}}],"line":81},"8":{"loc":{"start":{"line":90,"column":4},"end":{"line":156,"column":5}},"type":"switch","locations":[{"start":{"line":91,"column":6},"end":{"line":91,"column":18}},{"start":{"line":92,"column":6},"end":{"line":92,"column":18}},{"start":{"line":93,"column":6},"end":{"line":93,"column":18}},{"start":{"line":94,"column":6},"end":{"line":102,"column":14}},{"start":{"line":105,"column":6},"end":{"line":121,"column":14}},{"start":{"line":123,"column":6},"end":{"line":143,"column":14}},{"start":{"line":145,"column":6},"end":{"line":146,"column":85}},{"start":{"line":148,"column":6},"end":{"line":154,"column":9}}],"line":90},"9":{"loc":{"start":{"line":90,"column":12},"end":{"line":90,"column":52}},"type":"cond-expr","locations":[{"start":{"line":90,"column":27},"end":{"line":90,"column":43}},{"start":{"line":90,"column":46},"end":{"line":90,"column":52}}],"line":90},"10":{"loc":{"start":{"line":96,"column":8},"end":{"line":100,"column":9}},"type":"if","locations":[{"start":{"line":96,"column":8},"end":{"line":100,"column":9}},{"start":{"line":96,"column":8},"end":{"line":100,"column":9}}],"line":96},"11":{"loc":{"start":{"line":106,"column":8},"end":{"line":119,"column":9}},"type":"switch","locations":[{"start":{"line":107,"column":10},"end":{"line":108,"column":40}},{"start":{"line":111,"column":10},"end":{"line":112,"column":38}},{"start":{"line":114,"column":10},"end":{"line":115,"column":40}},{"start":{"line":117,"column":10},"end":{"line":118,"column":69}}],"line":106},"12":{"loc":{"start":{"line":118,"column":20},"end":{"line":118,"column":58}},"type":"cond-expr","locations":[{"start":{"line":118,"column":34},"end":{"line":118,"column":49}},{"start":{"line":118,"column":52},"end":{"line":118,"column":58}}],"line":118},"13":{"loc":{"start":{"line":125,"column":8},"end":{"line":127,"column":9}},"type":"if","locations":[{"start":{"line":125,"column":8},"end":{"line":127,"column":9}},{"start":{"line":125,"column":8},"end":{"line":127,"column":9}}],"line":125},"14":{"loc":{"start":{"line":125,"column":13},"end":{"line":125,"column":51}},"type":"cond-expr","locations":[{"start":{"line":125,"column":27},"end":{"line":125,"column":42}},{"start":{"line":125,"column":45},"end":{"line":125,"column":51}}],"line":125},"15":{"loc":{"start":{"line":129,"column":8},"end":{"line":141,"column":9}},"type":"if","locations":[{"start":{"line":129,"column":8},"end":{"line":141,"column":9}},{"start":{"line":129,"column":8},"end":{"line":141,"column":9}}],"line":129},"16":{"loc":{"start":{"line":133,"column":12},"end":{"line":135,"column":13}},"type":"if","locations":[{"start":{"line":133,"column":12},"end":{"line":135,"column":13}},{"start":{"line":133,"column":12},"end":{"line":135,"column":13}}],"line":133},"17":{"loc":{"start":{"line":146,"column":15},"end":{"line":146,"column":84}},"type":"binary-expr","locations":[{"start":{"line":146,"column":15},"end":{"line":146,"column":66}},{"start":{"line":146,"column":70},"end":{"line":146,"column":84}}],"line":146},"18":{"loc":{"start":{"line":146,"column":16},"end":{"line":146,"column":54}},"type":"cond-expr","locations":[{"start":{"line":146,"column":30},"end":{"line":146,"column":45}},{"start":{"line":146,"column":48},"end":{"line":146,"column":54}}],"line":146},"19":{"loc":{"start":{"line":149,"column":8},"end":{"line":154,"column":9}},"type":"if","locations":[{"start":{"line":149,"column":8},"end":{"line":154,"column":9}},{"start":{"line":149,"column":8},"end":{"line":154,"column":9}}],"line":149},"20":{"loc":{"start":{"line":152,"column":19},"end":{"line":152,"column":94}},"type":"cond-expr","locations":[{"start":{"line":152,"column":69},"end":{"line":152,"column":89}},{"start":{"line":152,"column":92},"end":{"line":152,"column":94}}],"line":152},"21":{"loc":{"start":{"line":152,"column":19},"end":{"line":152,"column":66}},"type":"binary-expr","locations":[{"start":{"line":152,"column":19},"end":{"line":152,"column":51}},{"start":{"line":152,"column":55},"end":{"line":152,"column":66}}],"line":152}},"s":{"0":1,"1":1,"2":1,"3":1,"4":1,"5":1,"6":1,"7":1,"8":48,"9":16,"10":0,"11":0,"12":0,"13":0,"14":0,"15":0,"16":0,"17":0,"18":0,"19":0,"20":0,"21":0,"22":0,"23":0,"24":0,"25":0,"26":0,"27":0,"28":16,"29":0,"30":16,"31":32,"32":32,"33":20,"34":1,"35":19,"36":0,"37":12,"38":0,"39":1,"40":1,"41":10,"42":0,"43":0,"44":0,"45":0,"46":0,"47":0,"48":0,"49":0,"50":0,"51":0,"52":0,"53":0,"54":0,"55":0,"56":0,"57":0,"58":1},"f":{"0":48,"1":0,"2":0,"3":32},"b":{"0":[16,32],"1":[0,0,16],"2":[0,0],"3":[0,0,0,0],"4":[0,0,0,0,0,0],"5":[0,16],"6":[16,16],"7":[0,0],"8":[17,17,20,20,12,0,0,0],"9":[15,17],"10":[1,19],"11":[0,1,1,10],"12":[10,0],"13":[0,0],"14":[0,0],"15":[0,0],"16":[0,0],"17":[0,0],"18":[0,0],"19":[0,0],"20":[0,0],"21":[0,0]},"_coverageSchema":"43e27e138ebf9cfc5966b082cf9a028302ed4184","hash":"93554a88907f2bbe65f476260f29b4e2838a7554","contentHash":"ba3f3f58f5b8934baa2710493a6a94585f7a0b8872b6888bae15f44f4d26b343"},"/home/laurent_payot/floweret/src/types/etc.coffee":{"path":"/home/laurent_payot/floweret/src/types/etc.coffee","statementMap":{"0":{"start":{"line":3,"column":11},"end":{"line":3,"column":28}},"1":{"start":{"line":5,"column":10},"end":{"line":5,"column":26}},"2":{"start":{"line":9,"column":0},"end":{"line":28,"column":13}},"3":{"start":{"line":12,"column":6},"end":{"line":12,"column":26}},"4":{"start":{"line":13,"column":6},"end":{"line":13,"column":23}},"5":{"start":{"line":17,"column":6},"end":{"line":17,"column":73}},"6":{"start":{"line":24,"column":2},"end":{"line":24,"column":28}},"7":{"start":{"line":25,"column":2},"end":{"line":25,"column":28}},"8":{"start":{"line":26,"column":2},"end":{"line":26,"column":35}},"9":{"start":{"line":27,"column":2},"end":{"line":27,"column":13}},"10":{"start":{"line":30,"column":0},"end":{"line":30,"column":40}}},"fnMap":{"0":{"name":"(anonymous_0)","decl":{"start":{"line":9,"column":6},"end":{"line":9,"column":7}},"loc":{"start":{"line":9,"column":18},"end":{"line":28,"column":1}},"line":9},"1":{"name":"(anonymous_1)","decl":{"start":{"line":11,"column":4},"end":{"line":11,"column":5}},"loc":{"start":{"line":11,"column":28},"end":{"line":14,"column":5}},"line":11},"2":{"name":"(anonymous_2)","decl":{"start":{"line":16,"column":4},"end":{"line":16,"column":5}},"loc":{"start":{"line":16,"column":15},"end":{"line":18,"column":5}},"line":16}},"branchMap":{"0":{"loc":{"start":{"line":11,"column":16},"end":{"line":11,"column":26}},"type":"default-arg","locations":[{"start":{"line":11,"column":23},"end":{"line":11,"column":26}}],"line":11}},"s":{"0":1,"1":1,"2":1,"3":1,"4":1,"5":0,"6":1,"7":1,"8":1,"9":1,"10":1},"f":{"0":1,"1":1,"2":0},"b":{"0":[1]},"_coverageSchema":"43e27e138ebf9cfc5966b082cf9a028302ed4184","hash":"b5ae92d7c590bfe6131c1993a037716e07fd71f6","contentHash":"ca979fb728896ed17eece16df72d32102d2bdeb4a6912f64a7e2f13965cb06b1"},"/home/laurent_payot/floweret/src/instances/object.coffee":{"path":"/home/laurent_payot/floweret/src/instances/object.coffee","statementMap":{"0":{"start":{"line":3,"column":14},"end":{"line":3,"column":35}},"1":{"start":{"line":5,"column":15},"end":{"line":5,"column":37}},"2":{"start":{"line":7,"column":14},"end":{"line":7,"column":34}},"3":{"start":{"line":9,"column":18},"end":{"line":9,"column":37}},"4":{"start":{"line":12,"column":0},"end":{"line":58,"column":2}},"5":{"start":{"line":15,"column":2},"end":{"line":21,"column":3}},"6":{"start":{"line":16,"column":4},"end":{"line":16,"column":20}},"7":{"start":{"line":18,"column":4},"end":{"line":20,"column":5}},"8":{"start":{"line":19,"column":6},"end":{"line":19,"column":54}},"9":{"start":{"line":23,"column":2},"end":{"line":43,"column":4}},"10":{"start":{"line":25,"column":4},"end":{"line":27,"column":6}},"11":{"start":{"line":28,"column":4},"end":{"line":30,"column":6}},"12":{"start":{"line":32,"column":4},"end":{"line":40,"column":5}},"13":{"start":{"line":33,"column":6},"end":{"line":33,"column":18}},"14":{"start":{"line":34,"column":6},"end":{"line":36,"column":8}},"15":{"start":{"line":37,"column":6},"end":{"line":39,"column":8}},"16":{"start":{"line":42,"column":4},"end":{"line":42,"column":80}},"17":{"start":{"line":45,"column":2},"end":{"line":57,"column":5}},"18":{"start":{"line":47,"column":6},"end":{"line":49,"column":7}},"19":{"start":{"line":48,"column":8},"end":{"line":48,"column":20}},"20":{"start":{"line":51,"column":6},"end":{"line":51,"column":15}},"21":{"start":{"line":52,"column":6},"end":{"line":52,"column":18}},"22":{"start":{"line":55,"column":6},"end":{"line":55,"column":31}},"23":{"start":{"line":60,"column":0},"end":{"line":70,"column":2}},"24":{"start":{"line":61,"column":2},"end":{"line":63,"column":3}},"25":{"start":{"line":62,"column":4},"end":{"line":62,"column":74}},"26":{"start":{"line":65,"column":2},"end":{"line":67,"column":3}},"27":{"start":{"line":66,"column":4},"end":{"line":66,"column":74}},"28":{"start":{"line":69,"column":2},"end":{"line":69,"column":30}}},"fnMap":{"0":{"name":"(anonymous_0)","decl":{"start":{"line":12,"column":8},"end":{"line":12,"column":9}},"loc":{"start":{"line":12,"column":35},"end":{"line":58,"column":1}},"line":12},"1":{"name":"(anonymous_1)","decl":{"start":{"line":23,"column":10},"end":{"line":23,"column":11}},"loc":{"start":{"line":23,"column":36},"end":{"line":43,"column":3}},"line":23},"2":{"name":"(anonymous_2)","decl":{"start":{"line":46,"column":9},"end":{"line":46,"column":10}},"loc":{"start":{"line":46,"column":28},"end":{"line":53,"column":5}},"line":46},"3":{"name":"(anonymous_3)","decl":{"start":{"line":54,"column":20},"end":{"line":54,"column":21}},"loc":{"start":{"line":54,"column":36},"end":{"line":56,"column":5}},"line":54},"4":{"name":"(anonymous_4)","decl":{"start":{"line":60,"column":17},"end":{"line":60,"column":18}},"loc":{"start":{"line":60,"column":38},"end":{"line":70,"column":1}},"line":60}},"branchMap":{"0":{"loc":{"start":{"line":18,"column":4},"end":{"line":20,"column":5}},"type":"if","locations":[{"start":{"line":18,"column":4},"end":{"line":20,"column":5}},{"start":{"line":18,"column":4},"end":{"line":20,"column":5}}],"line":18},"1":{"loc":{"start":{"line":18,"column":9},"end":{"line":18,"column":47}},"type":"cond-expr","locations":[{"start":{"line":18,"column":23},"end":{"line":18,"column":38}},{"start":{"line":18,"column":41},"end":{"line":18,"column":47}}],"line":18},"2":{"loc":{"start":{"line":25,"column":17},"end":{"line":27,"column":5}},"type":"cond-expr","locations":[{"start":{"line":25,"column":28},"end":{"line":25,"column":30}},{"start":{"line":25,"column":33},"end":{"line":27,"column":5}}],"line":25},"3":{"loc":{"start":{"line":47,"column":6},"end":{"line":49,"column":7}},"type":"if","locations":[{"start":{"line":47,"column":6},"end":{"line":49,"column":7}},{"start":{"line":47,"column":6},"end":{"line":49,"column":7}}],"line":47},"4":{"loc":{"start":{"line":61,"column":2},"end":{"line":63,"column":3}},"type":"if","locations":[{"start":{"line":61,"column":2},"end":{"line":63,"column":3}},{"start":{"line":61,"column":2},"end":{"line":63,"column":3}}],"line":61},"5":{"loc":{"start":{"line":65,"column":2},"end":{"line":67,"column":3}},"type":"if","locations":[{"start":{"line":65,"column":2},"end":{"line":67,"column":3}},{"start":{"line":65,"column":2},"end":{"line":67,"column":3}}],"line":65}},"s":{"0":1,"1":1,"2":1,"3":1,"4":1,"5":0,"6":0,"7":0,"8":0,"9":0,"10":0,"11":0,"12":0,"13":0,"14":0,"15":0,"16":0,"17":0,"18":0,"19":0,"20":0,"21":0,"22":0,"23":1,"24":0,"25":0,"26":0,"27":0,"28":0},"f":{"0":0,"1":0,"2":0,"3":0,"4":0},"b":{"0":[0,0],"1":[0,0],"2":[0,0],"3":[0,0],"4":[0,0],"5":[0,0]},"_coverageSchema":"43e27e138ebf9cfc5966b082cf9a028302ed4184","hash":"657c59179c2ce6d86048f2faa626e350b2ccf2fe","contentHash":"41ee7cd4a7ccbbd30c96e960b0a0995a9ffa8f08d5aacb3eee78e78597225477"},"/home/laurent_payot/floweret/src/instances/array.coffee":{"path":"/home/laurent_payot/floweret/src/instances/array.coffee","statementMap":{"0":{"start":{"line":3,"column":14},"end":{"line":3,"column":35}},"1":{"start":{"line":5,"column":15},"end":{"line":5,"column":37}},"2":{"start":{"line":7,"column":14},"end":{"line":7,"column":34}},"3":{"start":{"line":9,"column":18},"end":{"line":9,"column":37}},"4":{"start":{"line":11,"column":0},"end":{"line":26,"column":2}},"5":{"start":{"line":12,"column":2},"end":{"line":14,"column":3}},"6":{"start":{"line":13,"column":4},"end":{"line":13,"column":80}},"7":{"start":{"line":16,"column":2},"end":{"line":25,"column":5}},"8":{"start":{"line":18,"column":6},"end":{"line":20,"column":7}},"9":{"start":{"line":19,"column":8},"end":{"line":19,"column":81}},"10":{"start":{"line":22,"column":6},"end":{"line":22,"column":15}},"11":{"start":{"line":23,"column":6},"end":{"line":23,"column":18}}},"fnMap":{"0":{"name":"(anonymous_0)","decl":{"start":{"line":11,"column":17},"end":{"line":11,"column":18}},"loc":{"start":{"line":11,"column":38},"end":{"line":26,"column":1}},"line":11},"1":{"name":"(anonymous_1)","decl":{"start":{"line":17,"column":9},"end":{"line":17,"column":10}},"loc":{"start":{"line":17,"column":28},"end":{"line":24,"column":5}},"line":17}},"branchMap":{"0":{"loc":{"start":{"line":12,"column":2},"end":{"line":14,"column":3}},"type":"if","locations":[{"start":{"line":12,"column":2},"end":{"line":14,"column":3}},{"start":{"line":12,"column":2},"end":{"line":14,"column":3}}],"line":12},"1":{"loc":{"start":{"line":18,"column":6},"end":{"line":20,"column":7}},"type":"if","locations":[{"start":{"line":18,"column":6},"end":{"line":20,"column":7}},{"start":{"line":18,"column":6},"end":{"line":20,"column":7}}],"line":18}},"s":{"0":1,"1":1,"2":1,"3":1,"4":1,"5":0,"6":0,"7":0,"8":0,"9":0,"10":0,"11":0},"f":{"0":0,"1":0},"b":{"0":[0,0],"1":[0,0]},"_coverageSchema":"43e27e138ebf9cfc5966b082cf9a028302ed4184","hash":"08dd70e1ab58d5ed8b31ab424218c78b4d8b9611","contentHash":"9437df8ea03bc44ab125c7fd6ea1953b72987ea1522e2479e7bc1683f51ec9d2"},"/home/laurent_payot/floweret/src/instances/tuple.coffee":{"path":"/home/laurent_payot/floweret/src/instances/tuple.coffee","statementMap":{"0":{"start":{"line":3,"column":14},"end":{"line":3,"column":35}},"1":{"start":{"line":5,"column":15},"end":{"line":5,"column":37}},"2":{"start":{"line":7,"column":14},"end":{"line":7,"column":34}},"3":{"start":{"line":9,"column":18},"end":{"line":9,"column":37}},"4":{"start":{"line":11,"column":12},"end":{"line":11,"column":37}},"5":{"start":{"line":13,"column":13},"end":{"line":13,"column":22}},"6":{"start":{"line":15,"column":0},"end":{"line":50,"column":2}},"7":{"start":{"line":17,"column":2},"end":{"line":17,"column":64}},"8":{"start":{"line":19,"column":2},"end":{"line":22,"column":3}},"9":{"start":{"line":21,"column":4},"end":{"line":21,"column":84}},"10":{"start":{"line":24,"column":2},"end":{"line":24,"column":77}},"11":{"start":{"line":26,"column":2},"end":{"line":37,"column":4}},"12":{"start":{"line":27,"column":4},"end":{"line":29,"column":5}},"13":{"start":{"line":28,"column":6},"end":{"line":28,"column":44}},"14":{"start":{"line":31,"column":4},"end":{"line":33,"column":5}},"15":{"start":{"line":32,"column":6},"end":{"line":32,"column":83}},"16":{"start":{"line":35,"column":4},"end":{"line":35,"column":13}},"17":{"start":{"line":36,"column":4},"end":{"line":36,"column":16}},"18":{"start":{"line":39,"column":2},"end":{"line":42,"column":3}},"19":{"start":{"line":40,"column":4},"end":{"line":40,"column":21}},"20":{"start":{"line":41,"column":4},"end":{"line":41,"column":31}},"21":{"start":{"line":44,"column":2},"end":{"line":49,"column":5}},"22":{"start":{"line":47,"column":6},"end":{"line":47,"column":44}}},"fnMap":{"0":{"name":"(anonymous_0)","decl":{"start":{"line":15,"column":17},"end":{"line":15,"column":18}},"loc":{"start":{"line":15,"column":37},"end":{"line":50,"column":1}},"line":15},"1":{"name":"(anonymous_1)","decl":{"start":{"line":26,"column":14},"end":{"line":26,"column":15}},"loc":{"start":{"line":26,"column":33},"end":{"line":37,"column":3}},"line":26},"2":{"name":"(anonymous_2)","decl":{"start":{"line":46,"column":20},"end":{"line":46,"column":21}},"loc":{"start":{"line":46,"column":36},"end":{"line":48,"column":5}},"line":46}},"branchMap":{"0":{"loc":{"start":{"line":19,"column":2},"end":{"line":22,"column":3}},"type":"if","locations":[{"start":{"line":19,"column":2},"end":{"line":22,"column":3}},{"start":{"line":19,"column":2},"end":{"line":22,"column":3}}],"line":19},"1":{"loc":{"start":{"line":27,"column":4},"end":{"line":29,"column":5}},"type":"if","locations":[{"start":{"line":27,"column":4},"end":{"line":29,"column":5}},{"start":{"line":27,"column":4},"end":{"line":29,"column":5}}],"line":27},"2":{"loc":{"start":{"line":31,"column":4},"end":{"line":33,"column":5}},"type":"if","locations":[{"start":{"line":31,"column":4},"end":{"line":33,"column":5}},{"start":{"line":31,"column":4},"end":{"line":33,"column":5}}],"line":31}},"s":{"0":1,"1":1,"2":1,"3":1,"4":1,"5":1,"6":1,"7":0,"8":0,"9":0,"10":0,"11":0,"12":0,"13":0,"14":0,"15":0,"16":0,"17":0,"18":0,"19":0,"20":0,"21":0,"22":0},"f":{"0":0,"1":0,"2":0},"b":{"0":[0,0],"1":[0,0],"2":[0,0]},"_coverageSchema":"43e27e138ebf9cfc5966b082cf9a028302ed4184","hash":"00d9725cd82498d4054b7d259b78a462a7d38932","contentHash":"4f7ea4b4779f58d99045b5e260df81792c97e9d51e219cd838264eca443f491d"},"/home/laurent_payot/floweret/src/types/Tuple.coffee":{"path":"/home/laurent_payot/floweret/src/types/Tuple.coffee","statementMap":{"0":{"start":{"line":3,"column":11},"end":{"line":3,"column":28}},"1":{"start":{"line":5,"column":14},"end":{"line":5,"column":35}},"2":{"start":{"line":7,"column":13},"end":{"line":7,"column":32}},"3":{"start":{"line":9,"column":12},"end":{"line":9,"column":24}},"4":{"start":{"line":10,"column":18},"end":{"line":10,"column":36}},"5":{"start":{"line":13,"column":0},"end":{"line":58,"column":13}},"6":{"start":{"line":16,"column":6},"end":{"line":16,"column":26}},"7":{"start":{"line":17,"column":6},"end":{"line":17,"column":25}},"8":{"start":{"line":19,"column":6},"end":{"line":23,"column":7}},"9":{"start":{"line":20,"column":8},"end":{"line":20,"column":24}},"10":{"start":{"line":22,"column":8},"end":{"line":22,"column":143}},"11":{"start":{"line":27,"column":6},"end":{"line":29,"column":7}},"12":{"start":{"line":28,"column":8},"end":{"line":28,"column":21}},"13":{"start":{"line":31,"column":6},"end":{"line":33,"column":9}},"14":{"start":{"line":32,"column":8},"end":{"line":32,"column":41}},"15":{"start":{"line":38,"column":6},"end":{"line":49,"column":33}},"16":{"start":{"line":40,"column":8},"end":{"line":40,"column":25}},"17":{"start":{"line":41,"column":8},"end":{"line":41,"column":21}},"18":{"start":{"line":43,"column":8},"end":{"line":46,"column":9}},"19":{"start":{"line":44,"column":10},"end":{"line":44,"column":21}},"20":{"start":{"line":45,"column":10},"end":{"line":45,"column":39}},"21":{"start":{"line":48,"column":8},"end":{"line":48,"column":23}},"22":{"start":{"line":56,"column":2},"end":{"line":56,"column":30}},"23":{"start":{"line":57,"column":2},"end":{"line":57,"column":15}},"24":{"start":{"line":60,"column":0},"end":{"line":60,"column":42}}},"fnMap":{"0":{"name":"(anonymous_0)","decl":{"start":{"line":13,"column":8},"end":{"line":13,"column":9}},"loc":{"start":{"line":13,"column":20},"end":{"line":58,"column":1}},"line":13},"1":{"name":"(anonymous_1)","decl":{"start":{"line":15,"column":4},"end":{"line":15,"column":5}},"loc":{"start":{"line":15,"column":26},"end":{"line":24,"column":5}},"line":15},"2":{"name":"(anonymous_2)","decl":{"start":{"line":19,"column":27},"end":{"line":19,"column":28}},"loc":{"start":{"line":19,"column":40},"end":{"line":21,"column":7}},"line":19},"3":{"name":"(anonymous_3)","decl":{"start":{"line":26,"column":4},"end":{"line":26,"column":5}},"loc":{"start":{"line":26,"column":18},"end":{"line":34,"column":5}},"line":26},"4":{"name":"(anonymous_4)","decl":{"start":{"line":31,"column":23},"end":{"line":31,"column":24}},"loc":{"start":{"line":31,"column":33},"end":{"line":33,"column":7}},"line":31},"5":{"name":"(anonymous_5)","decl":{"start":{"line":36,"column":4},"end":{"line":36,"column":5}},"loc":{"start":{"line":36,"column":18},"end":{"line":50,"column":5}},"line":36},"6":{"name":"(anonymous_6)","decl":{"start":{"line":38,"column":56},"end":{"line":38,"column":57}},"loc":{"start":{"line":38,"column":68},"end":{"line":49,"column":7}},"line":38}},"branchMap":{"0":{"loc":{"start":{"line":19,"column":6},"end":{"line":23,"column":7}},"type":"if","locations":[{"start":{"line":19,"column":6},"end":{"line":23,"column":7}},{"start":{"line":19,"column":6},"end":{"line":23,"column":7}}],"line":19},"1":{"loc":{"start":{"line":27,"column":6},"end":{"line":29,"column":7}},"type":"if","locations":[{"start":{"line":27,"column":6},"end":{"line":29,"column":7}},{"start":{"line":27,"column":6},"end":{"line":29,"column":7}}],"line":27},"2":{"loc":{"start":{"line":27,"column":12},"end":{"line":27,"column":66}},"type":"binary-expr","locations":[{"start":{"line":27,"column":12},"end":{"line":27,"column":30}},{"start":{"line":27,"column":34},"end":{"line":27,"column":66}}],"line":27}},"s":{"0":1,"1":1,"2":1,"3":1,"4":1,"5":1,"6":0,"7":0,"8":0,"9":0,"10":0,"11":0,"12":0,"13":0,"14":0,"15":0,"16":0,"17":0,"18":0,"19":0,"20":0,"21":0,"22":1,"23":1,"24":1},"f":{"0":1,"1":0,"2":0,"3":0,"4":0,"5":0,"6":0},"b":{"0":[0,0],"1":[0,0],"2":[0,0]},"_coverageSchema":"43e27e138ebf9cfc5966b082cf9a028302ed4184","hash":"0267d1e0839292cbb75d823804319b931fbca226","contentHash":"f8ed28277b98942b5a31b3e38be0084f8511dea42f00c439adbe822aa0c6cd66"},"/home/laurent_payot/floweret/src/types/maybe.coffee":{"path":"/home/laurent_payot/floweret/src/types/maybe.coffee","statementMap":{"0":{"start":{"line":3,"column":11},"end":{"line":3,"column":28}},"1":{"start":{"line":5,"column":13},"end":{"line":5,"column":32}},"2":{"start":{"line":7,"column":12},"end":{"line":7,"column":24}},"3":{"start":{"line":10,"column":0},"end":{"line":38,"column":13}},"4":{"start":{"line":13,"column":6},"end":{"line":13,"column":26}},"5":{"start":{"line":14,"column":6},"end":{"line":14,"column":23}},"6":{"start":{"line":15,"column":6},"end":{"line":15,"column":39}},"7":{"start":{"line":17,"column":6},"end":{"line":20,"column":7}},"8":{"start":{"line":19,"column":8},"end":{"line":19,"column":73}},"9":{"start":{"line":22,"column":6},"end":{"line":24,"column":7}},"10":{"start":{"line":23,"column":8},"end":{"line":23,"column":73}},"11":{"start":{"line":27,"column":6},"end":{"line":27,"column":33}},"12":{"start":{"line":34,"column":2},"end":{"line":34,"column":30}},"13":{"start":{"line":35,"column":2},"end":{"line":35,"column":30}},"14":{"start":{"line":36,"column":2},"end":{"line":36,"column":39}},"15":{"start":{"line":37,"column":2},"end":{"line":37,"column":15}},"16":{"start":{"line":40,"column":0},"end":{"line":40,"column":42}}},"fnMap":{"0":{"name":"(anonymous_0)","decl":{"start":{"line":10,"column":8},"end":{"line":10,"column":9}},"loc":{"start":{"line":10,"column":20},"end":{"line":38,"column":1}},"line":10},"1":{"name":"(anonymous_1)","decl":{"start":{"line":12,"column":4},"end":{"line":12,"column":5}},"loc":{"start":{"line":12,"column":22},"end":{"line":28,"column":5}},"line":12}},"branchMap":{"0":{"loc":{"start":{"line":17,"column":6},"end":{"line":20,"column":7}},"type":"if","locations":[{"start":{"line":17,"column":6},"end":{"line":20,"column":7}},{"start":{"line":17,"column":6},"end":{"line":20,"column":7}}],"line":17},"1":{"loc":{"start":{"line":22,"column":6},"end":{"line":24,"column":7}},"type":"if","locations":[{"start":{"line":22,"column":6},"end":{"line":24,"column":7}},{"start":{"line":22,"column":6},"end":{"line":24,"column":7}}],"line":22}},"s":{"0":1,"1":1,"2":1,"3":1,"4":16,"5":16,"6":16,"7":16,"8":0,"9":16,"10":0,"11":16,"12":1,"13":1,"14":1,"15":1,"16":1},"f":{"0":1,"1":16},"b":{"0":[0,16],"1":[0,16]},"_coverageSchema":"43e27e138ebf9cfc5966b082cf9a028302ed4184","hash":"37968f1bc7bfc791d47a6db4eb1290fdb97a9814","contentHash":"03c4f0ed4014f7764b863d8e5dd7f18fa492d04d31cc6a199d9f671cddb96972"},"/home/laurent_payot/floweret/src/types/_index.coffee":{"path":"/home/laurent_payot/floweret/src/types/_index.coffee","statementMap":{"0":{"start":{"line":3,"column":12},"end":{"line":3,"column":29}},"1":{"start":{"line":5,"column":11},"end":{"line":5,"column":27}},"2":{"start":{"line":7,"column":13},"end":{"line":7,"column":31}},"3":{"start":{"line":9,"column":16},"end":{"line":9,"column":37}},"4":{"start":{"line":11,"column":18},"end":{"line":11,"column":41}},"5":{"start":{"line":13,"column":15},"end":{"line":13,"column":35}},"6":{"start":{"line":15,"column":11},"end":{"line":15,"column":27}},"7":{"start":{"line":17,"column":13},"end":{"line":17,"column":31}},"8":{"start":{"line":19,"column":16},"end":{"line":19,"column":37}},"9":{"start":{"line":21,"column":19},"end":{"line":21,"column":43}},"10":{"start":{"line":23,"column":16},"end":{"line":23,"column":37}},"11":{"start":{"line":25,"column":15},"end":{"line":25,"column":35}},"12":{"start":{"line":27,"column":15},"end":{"line":27,"column":35}},"13":{"start":{"line":29,"column":19},"end":{"line":29,"column":43}},"14":{"start":{"line":31,"column":11},"end":{"line":31,"column":27}},"15":{"start":{"line":33,"column":11},"end":{"line":33,"column":27}},"16":{"start":{"line":35,"column":10},"end":{"line":35,"column":25}},"17":{"start":{"line":40,"column":0},"end":{"line":40,"column":21}},"18":{"start":{"line":41,"column":0},"end":{"line":41,"column":19}},"19":{"start":{"line":42,"column":0},"end":{"line":42,"column":23}},"20":{"start":{"line":43,"column":0},"end":{"line":43,"column":29}},"21":{"start":{"line":44,"column":0},"end":{"line":44,"column":33}},"22":{"start":{"line":45,"column":0},"end":{"line":45,"column":27}},"23":{"start":{"line":46,"column":0},"end":{"line":46,"column":19}},"24":{"start":{"line":47,"column":0},"end":{"line":47,"column":23}},"25":{"start":{"line":48,"column":0},"end":{"line":48,"column":29}},"26":{"start":{"line":49,"column":0},"end":{"line":49,"column":35}},"27":{"start":{"line":50,"column":0},"end":{"line":50,"column":29}},"28":{"start":{"line":51,"column":0},"end":{"line":51,"column":27}},"29":{"start":{"line":52,"column":0},"end":{"line":52,"column":27}},"30":{"start":{"line":53,"column":0},"end":{"line":53,"column":35}},"31":{"start":{"line":54,"column":0},"end":{"line":54,"column":19}},"32":{"start":{"line":55,"column":0},"end":{"line":55,"column":19}},"33":{"start":{"line":56,"column":0},"end":{"line":56,"column":17}}},"fnMap":{},"branchMap":{},"s":{"0":1,"1":1,"2":1,"3":1,"4":1,"5":1,"6":1,"7":1,"8":1,"9":1,"10":1,"11":1,"12":1,"13":1,"14":1,"15":1,"16":1,"17":1,"18":1,"19":1,"20":1,"21":1,"22":1,"23":1,"24":1,"25":1,"26":1,"27":1,"28":1,"29":1,"30":1,"31":1,"32":1,"33":1},"f":{},"b":{},"_coverageSchema":"43e27e138ebf9cfc5966b082cf9a028302ed4184","hash":"8f7ec4305be36e75fad4922227c58ad44a6ce631","contentHash":"ca8fc325d2f93fd503bb4d38223eaf8c77f37fea3b978e2fc38ae4870545908b"},"/home/laurent_payot/floweret/src/types/promised.coffee":{"path":"/home/laurent_payot/floweret/src/types/promised.coffee","statementMap":{"0":{"start":{"line":3,"column":11},"end":{"line":3,"column":28}},"1":{"start":{"line":5,"column":13},"end":{"line":5,"column":32}},"2":{"start":{"line":7,"column":12},"end":{"line":7,"column":24}},"3":{"start":{"line":10,"column":0},"end":{"line":32,"column":13}},"4":{"start":{"line":13,"column":6},"end":{"line":13,"column":26}},"5":{"start":{"line":14,"column":6},"end":{"line":14,"column":23}},"6":{"start":{"line":16,"column":6},"end":{"line":18,"column":7}},"7":{"start":{"line":17,"column":8},"end":{"line":17,"column":78}},"8":{"start":{"line":21,"column":6},"end":{"line":21,"column":40}},"9":{"start":{"line":28,"column":2},"end":{"line":28,"column":33}},"10":{"start":{"line":29,"column":2},"end":{"line":29,"column":33}},"11":{"start":{"line":30,"column":2},"end":{"line":30,"column":45}},"12":{"start":{"line":31,"column":2},"end":{"line":31,"column":18}},"13":{"start":{"line":34,"column":0},"end":{"line":34,"column":45}}},"fnMap":{"0":{"name":"(anonymous_0)","decl":{"start":{"line":10,"column":11},"end":{"line":10,"column":12}},"loc":{"start":{"line":10,"column":23},"end":{"line":32,"column":1}},"line":10},"1":{"name":"(anonymous_1)","decl":{"start":{"line":12,"column":4},"end":{"line":12,"column":5}},"loc":{"start":{"line":12,"column":22},"end":{"line":22,"column":5}},"line":12}},"branchMap":{"0":{"loc":{"start":{"line":16,"column":6},"end":{"line":18,"column":7}},"type":"if","locations":[{"start":{"line":16,"column":6},"end":{"line":18,"column":7}},{"start":{"line":16,"column":6},"end":{"line":18,"column":7}}],"line":16}},"s":{"0":1,"1":1,"2":1,"3":1,"4":0,"5":0,"6":0,"7":0,"8":0,"9":1,"10":1,"11":1,"12":1,"13":1},"f":{"0":1,"1":0},"b":{"0":[0,0]},"_coverageSchema":"43e27e138ebf9cfc5966b082cf9a028302ed4184","hash":"d7654a313316897f815fde00a91c5e2d374d3a28","contentHash":"0b086775dd253758abde3af0d41a8d19a3d0b38b6aa8b7b793ac0d42c2b03790"},"/home/laurent_payot/floweret/src/types/constraint.coffee":{"path":"/home/laurent_payot/floweret/src/types/constraint.coffee","statementMap":{"0":{"start":{"line":3,"column":11},"end":{"line":3,"column":28}},"1":{"start":{"line":7,"column":0},"end":{"line":35
[...]
}},"19":{"start":{"line":49,"column":2},"end":{"line":49,"column":17}},"20":{"start":{"line":52,"column":0},"end":{"line":52,"column":44}}},"fnMap":{"0":{"name":"(anonymous_0)","decl":{"start":{"line":7,"column":10},"end":{"line":7,"column":11}},"loc":{"start":{"line":7,"column":22},"end":{"line":50,"column":1}},"line":7},"1":{"name":"(anonymous_1)","decl":{"start":{"line":9,"column":4},"end":{"line":9,"column":5}},"loc":{"start":{"line":9,"column":24},"end":{"line":28,"column":5}},"line":9},"2":{"name":"(anonymous_2)","decl":{"start":{"line":30,"column":4},"end":{"line":30,"column":5}},"loc":{"start":{"line":30,"column":18},"end":{"line":32,"column":5}},"line":30},"3":{"name":"(anonymous_3)","decl":{"start":{"line":34,"column":4},"end":{"line":34,"column":5}},"loc":{"start":{"line":34,"column":18},"end":{"line":39,"column":5}},"line":34}},"branchMap":{"0":{"loc":{"start":{"line":13,"column":6},"end":{"line":15,"column":7}},"type":"if","locations":[{"start":{"line":13,"column":6},"end":{"line":15,"column":7}},{"start":{"line":13,"column":6},"end":{"line":15,"column":7}}],"line":13},"1":{"loc":{"start":{"line":13,"column":12},"end":{"line":13,"column":128}},"type":"binary-expr","locations":[{"start":{"line":13,"column":13},"end":{"line":13,"column":46}},{"start":{"line":13,"column":50},"end":{"line":13,"column":66}},{"start":{"line":13,"column":72},"end":{"line":13,"column":106}},{"start":{"line":13,"column":110},"end":{"line":13,"column":127}}],"line":13},"2":{"loc":{"start":{"line":17,"column":6},"end":{"line":27,"column":7}},"type":"if","locations":[{"start":{"line":17,"column":6},"end":{"line":27,"column":7}},{"start":{"line":17,"column":6},"end":{"line":27,"column":7}}],"line":17},"3":{"loc":{"start":{"line":20,"column":8},"end":{"line":22,"column":9}},"type":"if","locations":[{"start":{"line":20,"column":8},"end":{"line":22,"column":9}},{"start":{"line":20,"column":8},"end":{"line":22,"column":9}}],"line":20},"4":{"loc":{"start":{"line":31,"column":13},"end":{"line":31,"column":112}},"type":"binary-expr","locations":[{"start":{"line":31,"column":13},"end":{"line":31,"column":34}},{"start":{"line":31,"column":39},"end":{"line":31,"column":58}},{"start":{"line":31,"column":62},"end":{"line":31,"column":72}},{"start":{"line":31,"column":78},"end":{"line":31,"column":97}},{"start":{"line":31,"column":101},"end":{"line":31,"column":111}}],"line":31},"5":{"loc":{"start":{"line":36,"column":12},"end":{"line":36,"column":63}},"type":"cond-expr","locations":[{"start":{"line":36,"column":31},"end":{"line":36,"column":58}},{"start":{"line":36,"column":61},"end":{"line":36,"column":63}}],"line":36},"6":{"loc":{"start":{"line":37,"column":12},"end":{"line":37,"column":62}},"type":"cond-expr","locations":[{"start":{"line":37,"column":31},"end":{"line":37,"column":57}},{"start":{"line":37,"column":60},"end":{"line":37,"column":62}}],"line":37},"7":{"loc":{"start":{"line":38,"column":46},"end":{"line":38,"column":70}},"type":"cond-expr","locations":[{"start":{"line":38,"column":59},"end":{"line":38,"column":65}},{"start":{"line":38,"column":68},"end":{"line":38,"column":70}}],"line":38},"8":{"loc":{"start":{"line":38,"column":46},"end":{"line":38,"column":56}},"type":"binary-expr","locations":[{"start":{"line":38,"column":46},"end":{"line":38,"column":49}},{"start":{"line":38,"column":53},"end":{"line":38,"column":56}}],"line":38}},"s":{"0":1,"1":1,"2":1,"3":1,"4":0,"5":1,"6":0,"7":1,"8":0,"9":1,"10":1,"11":0,"12":0,"13":0,"14":0,"15":1,"16":1,"17":1,"18":1,"19":1,"20":1},"f":{"0":1,"1":1,"2":0,"3":0},"b":{"0":[0,1],"1":[1,0,1,0],"2":[0,1],"3":[0,1],"4":[0,0,0,0,0],"5":[0,0],"6":[0,0],"7":[0,0],"8":[0,0]},"_coverageSchema":"43e27e138ebf9cfc5966b082cf9a028302ed4184","hash":"d9d88c284cd63fdf9fb22a7741726dd69d4039df","contentHash":"755ac885989c519442eadb5e967afeb37b9a915d514758ac3b77063c79483540"},"/home/laurent_payot/floweret/src/types/Natural.coffee":{"path":"/home/laurent_payot/floweret/src/types/Natural.coffee","statementMap":{"0":{"start":{"line":3,"column":11},"end":{"line":3,"column":28}},"1":{"start":{"line":5,"column":20},"end":{"line":5,"column":40}},"2":{"start":{"line":8,"column":0},"end":{"line":8,"column":38}},"3":{"start":{"line":9,"column":0},"end":{"line":23,"column":2}},"4":{"start":{"line":11,"column":4},"end":{"line":11,"column":24}},"5":{"start":{"line":13,"column":4},"end":{"line":16,"column":5}},"6":{"start":{"line":15,"column":6},"end":{"line":15,"column":83}},"7":{"start":{"line":20,"column":4},"end":{"line":20,"column":43}},"8":{"start":{"line":24,"column":0},"end":{"line":24,"column":44}}},"fnMap":{"0":{"name":"(anonymous_0)","decl":{"start":{"line":10,"column":2},"end":{"line":10,"column":3}},"loc":{"start":{"line":10,"column":22},"end":{"line":17,"column":3}},"line":10},"1":{"name":"(anonymous_1)","decl":{"start":{"line":19,"column":2},"end":{"line":19,"column":3}},"loc":{"start":{"line":19,"column":16},"end":{"line":21,"column":3}},"line":19}},"branchMap":{"0":{"loc":{"start":{"line":13,"column":4},"end":{"line":16,"column":5}},"type":"if","locations":[{"start":{"line":13,"column":4},"end":{"line":16,"column":5}},{"start":{"line":13,"column":4},"end":{"line":16,"column":5}}],"line":13},"1":{"loc":{"start":{"line":20,"column":11},"end":{"line":20,"column":42}},"type":"binary-expr","locations":[{"start":{"line":20,"column":11},"end":{"line":20,"column":30}},{"start":{"line":20,"column":34},"end":{"line":20,"column":42}}],"line":20}},"s":{"0":1,"1":1,"2":1,"3":1,"4":0,"5":0,"6":0,"7":0,"8":1},"f":{"0":0,"1":0},"b":{"0":[0,0],"1":[0,0]},"_coverageSchema":"43e27e138ebf9cfc5966b082cf9a028302ed4184","hash":"ed06a1a7543d43272bc860a47b738d07bb042807","contentHash":"d0e7e3fbc6f4fe0bb4e005ded005d77499d978378c21e5ffd9b08adc407b43c8"},"/home/laurent_payot/floweret/src/types/SizedString.coffee":{"path":"/home/laurent_payot/floweret/src/types/SizedString.coffee","statementMap":{"0":{"start":{"line":3,"column":11},"end":{"line":3,"column":28}},"1":{"start":{"line":7,"column":0},"end":{"line":49,"column":13}},"2":{"start":{"line":10,"column":6},"end":{"line":10,"column":26}},"3":{"start":{"line":12,"column":6},"end":{"line":14,"column":7}},"4":{"start":{"line":13,"column":8},"end":{"line":13,"column":86}},"5":{"start":{"line":16,"column":6},"end":{"line":26,"column":7}},"6":{"start":{"line":17,"column":8},"end":{"line":17,"column":22}},"7":{"start":{"line":19,"column":8},"end":{"line":21,"column":9}},"8":{"start":{"line":20,"column":10},"end":{"line":20,"column":92}},"9":{"start":{"line":24,"column":8},"end":{"line":24,"column":22}},"10":{"start":{"line":25,"column":8},"end":{"line":25,"column":22}},"11":{"start":{"line":30,"column":6},"end":{"line":30,"column":139}},"12":{"start":{"line":35,"column":6},"end":{"line":35,"column":73}},"13":{"start":{"line":36,"column":6},"end":{"line":36,"column":74}},"14":{"start":{"line":37,"column":6},"end":{"line":37,"column":79}},"15":{"start":{"line":43,"column":2},"end":{"line":43,"column":37}},"16":{"start":{"line":44,"column":2},"end":{"line":44,"column":37}},"17":{"start":{"line":46,"column":2},"end":{"line":46,"column":36}},"18":{"start":{"line":47,"column":2},"end":{"line":47,"column":36}},"19":{"start":{"line":48,"column":2},"end":{"line":48,"column":21}},"20":{"start":{"line":51,"column":0},"end":{"line":51,"column":48}}},"fnMap":{"0":{"name":"(anonymous_0)","decl":{"start":{"line":7,"column":14},"end":{"line":7,"column":15}},"loc":{"start":{"line":7,"column":26},"end":{"line":49,"column":1}},"line":7},"1":{"name":"(anonymous_1)","decl":{"start":{"line":9,"column":4},"end":{"line":9,"column":5}},"loc":{"start":{"line":9,"column":24},"end":{"line":27,"column":5}},"line":9},"2":{"name":"(anonymous_2)","decl":{"start":{"line":29,"column":4},"end":{"line":29,"column":5}},"loc":{"start":{"line":29,"column":18},"end":{"line":31,"column":5}},"line":29},"3":{"name":"(anonymous_3)","decl":{"start":{"line":33,"column":4},"end":{"line":33,"column":5}},"loc":{"start":{"line":33,"column":18},"end":{"line":38,"column":5}},"line":33}},"branchMap":{"0":{"loc":{"start":{"line":12,"column":6},"end":{"line":14,"column":7}},"type":"if","locations":[{"start":{"line":12,"column":6},"end":{"line":14,"column":7}},{"start":{"line":12,"column":6},"end":{"line":14,"column":7}}],"line":12},"1":{"loc":{"start":{"line":12,"column":12},"end":{"line":12,"column":116}},"type":"binary-expr","locations":[{"start":{"line":12,"column":13},"end":{"line":12,"column":26}},{"start":{"line":12,"column":30},"end":{"line":12,"column":50}},{"start":{"line":12,"column":54},"end":{"line":12,"column":61}},{"start":{"line":12,"column":67},"end":{"line":12,"column":80}},{"start":{"line":12,"column":84},"end":{"line":12,"column":104}},{"start":{"line":12,"column":108},"end":{"line":12,"column":115}}],"line":12},"2":{"loc":{"start":{"line":16,"column":6},"end":{"line":26,"column":7}},"type":"if","locations":[{"start":{"line":16,"column":6},"end":{"line":26,"column":7}},{"start":{"line":16,"column":6},"end":{"line":26,"column":7}}],"line":16},"3":{"loc":{"start":{"line":19,"column":8},"end":{"line":21,"column":9}},"type":"if","locations":[{"start":{"line":19,"column":8},"end":{"line":21,"column":9}},{"start":{"line":19,"column":8},"end":{"line":21,"column":9}}],"line":19},"4":{"loc":{"start":{"line":30,"column":13},"end":{"line":30,"column":138}},"type":"binary-expr","locations":[{"start":{"line":30,"column":13},"end":{"line":30,"column":36}},{"start":{"line":30,"column":41},"end":{"line":30,"column":60}},{"start":{"line":30,"column":64},"end":{"line":30,"column":86}},{"start":{"line":30,"column":92},"end":{"line":30,"column":111}},{"start":{"line":30,"column":115},"end":{"line":30,"column":137}}],"line":30},"5":{"loc":{"start":{"line":35,"column":12},"end":{"line":35,"column":72}},"type":"cond-expr","locations":[{"start":{"line":35,"column":31},"end":{"line":35,"column":67}},{"start":{"line":35,"column":70},"end":{"line":35,"column":72}}],"line":35},"6":{"loc":{"start":{"line":36,"column":12},"end":{"line":36,"column":73}},"type":"cond-expr","locations":[{"start":{"line":36,"column":31},"end":{"line":36,"column":68}},{"start":{"line":36,"column":71},"end":{"line":36,"column":73}}],"line":36},"7":{"loc":{"start":{"line":37,"column":46},"end":{"line":37,"column":70}},"type":"cond-expr","locations":[{"start":{"line":37,"column":59},"end":{"line":37,"column":65}},{"start":{"line":37,"column":68},"end":{"line":37,"column":70}}],"line":37},"8":{"loc":{"start":{"line":37,"column":46},"end":{"line":37,"column":56}},"type":"binary-expr","locations":[{"start":{"line":37,"column":46},"end":{"line":37,"column":49}},{"start":{"line":37,"column":53},"end":{"line":37,"column":56}}],"line":37}},"s":{"0":1,"1":1,"2":0,"3":0,"4":0,"5":0,"6":0,"7":0,"8":0,"9":0,"10":0,"11":0,"12":0,"13":0,"14":0,"15":1,"16":1,"17":1,"18":1,"19":1,"20":1},"f":{"0":1,"1":0,"2":0,"3":0},"b":{"0":[0,0],"1":[0,0,0,0,0,0],"2":[0,0],"3":[0,0],"4":[0,0,0,0,0],"5":[0,0],"6":[0,0],"7":[0,0],"8":[0,0]},"_coverageSchema":"43e27e138ebf9cfc5966b082cf9a028302ed4184","hash":"ebd76d3be05a39d4598967c82fe196771d43ecd9","contentHash":"be499ccd0e3bc88fe5c74b6d6ff7cd01112dfb4d3644d444d37ae60e1970ab3b"},"/home/laurent_payot/floweret/src/types/and.coffee":{"path":"/home/laurent_payot/floweret/src/types/and.coffee","statementMap":{"0":{"start":{"line":3,"column":11},"end":{"line":3,"column":28}},"1":{"start":{"line":5,"column":14},"end":{"line":5,"column":35}},"2":{"start":{"line":7,"column":13},"end":{"line":7,"column":32}},"3":{"start":{"line":9,"column":12},"end":{"line":9,"column":24}},"4":{"start":{"line":10,"column":16},"end":{"line":10,"column":32}},"5":{"start":{"line":11,"column":18},"end":{"line":11,"column":36}},"6":{"start":{"line":14,"column":0},"end":{"line":64,"column":13}},"7":{"start":{"line":18,"column":6},"end":{"line":18,"column":26}},"8":{"start":{"line":19,"column":6},"end":{"line":19,"column":25}},"9":{"start":{"line":20,"column":6},"end":{"line":20,"column":23}},"10":{"start":{"line":22,"column":6},"end":{"line":32,"column":7}},"11":{"start":{"line":23,"column":8},"end":{"line":23,"column":19}},"12":{"start":{"line":25,"column":8},"end":{"line":27,"column":9}},"13":{"start":{"line":26,"column":10},"end":{"line":26,"column":108}},"14":{"start":{"line":29,"column":8},"end":{"line":31,"column":9}},"15":{"start":{"line":30,"column":10},"end":{"line":30,"column":91}},"16":{"start":{"line":36,"column":6},"end":{"line":38,"column":9}},"17":{"start":{"line":37,"column":8},"end":{"line":37,"column":31}},"18":{"start":{"line":43,"column":6},"end":{"line":54,"column":33}},"19":{"start":{"line":45,"column":8},"end":{"line":45,"column":25}},"20":{"start":{"line":46,"column":8},"end":{"line":46,"column":21}},"21":{"start":{"line":48,"column":8},"end":{"line":51,"column":9}},"22":{"start":{"line":49,"column":10},"end":{"line":49,"column":21}},"23":{"start":{"line":50,"column":10},"end":{"line":50,"column":46}},"24":{"start":{"line":53,"column":8},"end":{"line":53,"column":23}},"25":{"start":{"line":61,"column":2},"end":{"line":61,"column":28}},"26":{"start":{"line":62,"column":2},"end":{"line":62,"column":35}},"27":{"start":{"line":63,"column":2},"end":{"line":63,"column":13}},"28":{"start":{"line":66,"column":0},"end":{"line":66,"column":40}}},"fnMap":{"0":{"name":"(anonymous_0)","decl":{"start":{"line":14,"column":6},"end":{"line":14,"column":7}},"loc":{"start":{"line":14,"column":18},"end":{"line":64,"column":1}},"line":14},"1":{"name":"(anonymous_1)","decl":{"start":{"line":16,"column":4},"end":{"line":16,"column":5}},"loc":{"start":{"line":16,"column":26},"end":{"line":33,"column":5}},"line":16},"2":{"name":"(anonymous_2)","decl":{"start":{"line":35,"column":4},"end":{"line":35,"column":5}},"loc":{"start":{"line":35,"column":18},"end":{"line":39,"column":5}},"line":35},"3":{"name":"(anonymous_3)","decl":{"start":{"line":36,"column":30},"end":{"line":36,"column":31}},"loc":{"start":{"line":36,"column":43},"end":{"line":38,"column":7}},"line":36},"4":{"name":"(anonymous_4)","decl":{"start":{"line":41,"column":4},"end":{"line":41,"column":5}},"loc":{"start":{"line":41,"column":18},"end":{"line":55,"column":5}},"line":41},"5":{"name":"(anonymous_5)","decl":{"start":{"line":43,"column":13},"end":{"line":43,"column":14}},"loc":{"start":{"line":43,"column":25},"end":{"line":54,"column":7}},"line":43}},"branchMap":{"0":{"loc":{"start":{"line":25,"column":8},"end":{"line":27,"column":9}},"type":"if","locations":[{"start":{"line":25,"column":8},"end":{"line":27,"column":9}},{"start":{"line":25,"column":8},"end":{"line":27,"column":9}}],"line":25},"1":{"loc":{"start":{"line":29,"column":8},"end":{"line":31,"column":9}},"type":"if","locations":[{"start":{"line":29,"column":8},"end":{"line":31,"column":9}},{"start":{"line":29,"column":8},"end":{"line":31,"column":9}}],"line":29}},"s":{"0":1,"1":1,"2":1,"3":1,"4":1,"5":1,"6":1,"7":0,"8":0,"9":0,"10":0,"11":0,"12":0,"13":0,"14":0,"15":0,"16":0,"17":0,"18":0,"19":0,"20":0,"21":0,"22":0,"23":0,"24":0,"25":1,"26":1,"27":1,"28":1},"f":{"0":1,"1":0,"2":0,"3":0,"4":0,"5":0},"b":{"0":[0,0],"1":[0,0]},"_coverageSchema":"43e27e138ebf9cfc5966b082cf9a028302ed4184","hash":"4db931d98b54b71097900ca90f2e6c4976711c4a","contentHash":"289e4d08576dcf1f024ede68617ffefea037992e9d508fc898166d2596c7c25b"},"/home/laurent_payot/floweret/src/types/not.coffee":{"path":"/home/laurent_payot/floweret/src/types/not.coffee","statementMap":{"0":{"start":{"line":3,"column":11},"end":{"line":3,"column":28}},"1":{"start":{"line":5,"column":14},"end":{"line":5,"column":35}},"2":{"start":{"line":7,"column":13},"end":{"line":7,"column":32}},"3":{"start":{"line":9,"column":12},"end":{"line":9,"column":24}},"4":{"start":{"line":10,"column":18},"end":{"line":10,"column":36}},"5":{"start":{"line":13,"column":0},"end":{"line":40,"column":13}},"6":{"start":{"line":16,"column":6},"end":{"line":16,"column":26}},"7":{"start":{"line":17,"column":6},"end":{"line":17,"column":23}},"8":{"start":{"line":19,"column":6},"end":{"line":21,"column":7}},"9":{"start":{"line":20,"column":8},"end":{"line":20,"column":73}},"10":{"start":{"line":25,"column":6},"end":{"line":25,"column":38}},"11":{"start":{"line":29,"column":6},"end":{"line":29,"column":47}},"12":{"start":{"line":36,"column":2},"end":{"line":36,"column":28}},"13":{"start":{"line":37,"column":2},"end":{"line":37,"column":28}},"14":{"start":{"line":38,"column":2},"end":{"line":38,"column":35}},"15":{"start":{"line":39,"column":2},"end":{"line":39,"column":13}},"16":{"start":{"line":42,"column":0},"end":{"line":42,"column":40}}},"fnMap":{"0":{"name":"(anonymous_0)","decl":{"start":{"line":13,"column":6},"end":{"line":13,"column":7}},"loc":{"start":{"line":13,"column":18},"end":{"line":40,"column":1}},"line":13},"1":{"name":"(anonymous_1)","decl":{"start":{"line":15,"column":4},"end":{"line":15,"column":5}},"loc":{"start":{"line":15,"column":22},"end":{"line":22,"column":5}},"line":15},"2":{"name":"(anonymous_2)","decl":{"start":{"line":24,"column":4},"end":{"line":24,"column":5}},"loc":{"start":{"line":24,"column":18},"end":{"line":26,"column":5}},"line":24},"3":{"name":"(anonymous_3)","decl":{"start":{"line":28,"column":4},"end":{"line":28,"column":5}},"loc":{"start":{"line":28,"column":18},"end":{"line":30,"column":5}},"line":28}},"branchMap":{"0":{"loc":{"start":{"line":19,"column":6},"end":{"line":21,"column":7}},"type":"if","locations":[{"start":{"line":19,"column":6},"end":{"line":21,"column":7}},{"start":{"line":19,"column":6},"end":{"line":21,"column":7}}],"line":19}},"s":{"0":1,"1":1,"2":1,"3":1,"4":1,"5":1,"6":0,"7":0,"8":0,"9":0,"10":0,"11":0,"12":1,"13":1,"14":1,"15":1,"16":1},"f":{"0":1,"1":0,"2":0,"3":0},"b":{"0":[0,0]},"_coverageSchema":"43e27e138ebf9cfc5966b082cf9a028302ed4184","hash":"6a8d69132a3f7dadd4ef93322969e4ef3aad9654","contentHash":"1eaf471ef75c227b5b30e7511f19a12c188042c4b7e050f994c65417a505993e"},"/home/laurent_payot/floweret/src/types/or.coffee":{"path":"/home/laurent_payot/floweret/src/types/or.coffee","statementMap":{"0":{"start":{"line":3,"column":11},"end":{"line":3,"column":28}},"1":{"start":{"line":5,"column":13},"end":{"line":5,"column":32}},"2":{"start":{"line":7,"column":12},"end":{"line":7,"column":24}},"3":{"start":{"line":10,"column":0},"end":{"line":37,"column":13}},"4":{"start":{"line":14,"column":6},"end":{"line":14,"column":26}},"5":{"start":{"line":15,"column":6},"end":{"line":15,"column":25}},"6":{"start":{"line":16,"column":6},"end":{"line":16,"column":23}},"7":{"start":{"line":18,"column":6},"end":{"line":24,"column":7}},"8":{"start":{"line":19,"column":8},"end":{"line":19,"column":19}},"9":{"start":{"line":21,"column":8},"end":{"line":23,"column":9}},"10":{"start":{"line":22,"column":10},"end":{"line":22,"column":91}},"11":{"start":{"line":27,"column":6},"end":{"line":27,"column":24}},"12":{"start":{"line":34,"column":2},"end":{"line":34,"column":27}},"13":{"start":{"line":35,"column":2},"end":{"line":35,"column":33}},"14":{"start":{"line":36,"column":2},"end":{"line":36,"column":12}},"15":{"start":{"line":39,"column":0},"end":{"line":39,"column":39}}},"fnMap":{"0":{"name":"(anonymous_0)","decl":{"start":{"line":10,"column":5},"end":{"line":10,"column":6}},"loc":{"start":{"line":10,"column":17},"end":{"line":37,"column":1}},"line":10},"1":{"name":"(anonymous_1)","decl":{"start":{"line":12,"column":4},"end":{"line":12,"column":5}},"loc":{"start":{"line":12,"column":26},"end":{"line":28,"column":5}},"line":12}},"branchMap":{"0":{"loc":{"start":{"line":21,"column":8},"end":{"line":23,"column":9}},"type":"if","locations":[{"start":{"line":21,"column":8},"end":{"line":23,"column":9}},{"start":{"line":21,"column":8},"end":{"line":23,"column":9}}],"line":21}},"s":{"0":1,"1":1,"2":1,"3":1,"4":0,"5":0,"6":0,"7":0,"8":0,"9":0,"10":0,"11":0,"12":1,"13":1,"14":1,"15":1},"f":{"0":1,"1":0},"b":{"0":[0,0]},"_coverageSchema":"43e27e138ebf9cfc5966b082cf9a028302ed4184","hash":"4917576b53ae1aab2c7b1c84f8dd702b07e7516a","contentHash":"0b4f742aa0f8042041e950b23c45379978e521baef7c52678d88c19a6e66b5b9"}}